CRITICAL - 2020-12-29 01:55:27 --> include(../../public/lib/DataTables.php): failed to open stream: No such file or directory
#0 C:\xampp\htdocs\codeigniterfour\app\Controllers\Users.php(3): CodeIgniter\Debug\Exceptions->errorHandler(2, 'include(../../p...', 'C:\\xampp\\htdocs...', 3, Array)
#1 C:\xampp\htdocs\codeigniterfour\app\Controllers\Users.php(3): include()
#2 C:\xampp\htdocs\codeigniterfour\vendor\codeigniter4\framework\system\Autoloader\Autoloader.php(365): require_once('C:\\xampp\\htdocs...')
#3 C:\xampp\htdocs\codeigniterfour\vendor\codeigniter4\framework\system\Autoloader\Autoloader.php(296): CodeIgniter\Autoloader\Autoloader->requireFile('C:\\xampp\\htdocs...')
#4 C:\xampp\htdocs\codeigniterfour\vendor\codeigniter4\framework\system\Autoloader\Autoloader.php(258): CodeIgniter\Autoloader\Autoloader->loadInNamespace('App\\Controllers...')
#5 [internal function]: CodeIgniter\Autoloader\Autoloader->loadClass('App\\Controllers...')
#6 [internal function]: spl_autoload_call('App\\Controllers...')
#7 C:\xampp\htdocs\codeigniterfour\vendor\codeigniter4\framework\system\CodeIgniter.php(869): class_exists('\\App\\Controller...', true)
#8 C:\xampp\htdocs\codeigniterfour\vendor\codeigniter4\framework\system\CodeIgniter.php(394): CodeIgniter\CodeIgniter->startController()
#9 C:\xampp\htdocs\codeigniterfour\vendor\codeigniter4\framework\system\CodeIgniter.php(312): CodeIgniter\CodeIgniter->handleRequest(NULL, Object(Config\Cache), false)
#10 C:\xampp\htdocs\codeigniterfour\public\index.php(45): CodeIgniter\CodeIgniter->run()
#11 C:\xampp\htdocs\codeigniterfour\vendor\codeigniter4\framework\system\Commands\Server\rewrite.php(34): require_once('C:\\xampp\\htdocs...')
#12 {main}
CRITICAL - 2020-12-29 01:55:29 --> include(../../public/lib/DataTables.php): failed to open stream: No such file or directory
#0 C:\xampp\htdocs\codeigniterfour\app\Controllers\Users.php(3): CodeIgniter\Debug\Exceptions->errorHandler(2, 'include(../../p...', 'C:\\xampp\\htdocs...', 3, Array)
#1 C:\xampp\htdocs\codeigniterfour\app\Controllers\Users.php(3): include()
#2 C:\xampp\htdocs\codeigniterfour\vendor\codeigniter4\framework\system\Autoloader\Autoloader.php(365): require_once('C:\\xampp\\htdocs...')
#3 C:\xampp\htdocs\codeigniterfour\vendor\codeigniter4\framework\system\Autoloader\Autoloader.php(296): CodeIgniter\Autoloader\Autoloader->requireFile('C:\\xampp\\htdocs...')
#4 C:\xampp\htdocs\codeigniterfour\vendor\codeigniter4\framework\system\Autoloader\Autoloader.php(258): CodeIgniter\Autoloader\Autoloader->loadInNamespace('App\\Controllers...')
#5 [internal function]: CodeIgniter\Autoloader\Autoloader->loadClass('App\\Controllers...')
#6 [internal function]: spl_autoload_call('App\\Controllers...')
#7 C:\xampp\htdocs\codeigniterfour\vendor\codeigniter4\framework\system\CodeIgniter.php(869): class_exists('\\App\\Controller...', true)
#8 C:\xampp\htdocs\codeigniterfour\vendor\codeigniter4\framework\system\CodeIgniter.php(394): CodeIgniter\CodeIgniter->startController()
#9 C:\xampp\htdocs\codeigniterfour\vendor\codeigniter4\framework\system\CodeIgniter.php(312): CodeIgniter\CodeIgniter->handleRequest(NULL, Object(Config\Cache), false)
#10 C:\xampp\htdocs\codeigniterfour\public\index.php(45): CodeIgniter\CodeIgniter->run()
#11 C:\xampp\htdocs\codeigniterfour\vendor\codeigniter4\framework\system\Commands\Server\rewrite.php(34): require_once('C:\\xampp\\htdocs...')
#12 {main}
CRITICAL - 2020-12-29 01:55:31 --> include(../../public/lib/DataTables.php): failed to open stream: No such file or directory
#0 C:\xampp\htdocs\codeigniterfour\app\Controllers\Users.php(3): CodeIgniter\Debug\Exceptions->errorHandler(2, 'include(../../p...', 'C:\\xampp\\htdocs...', 3, Array)
#1 C:\xampp\htdocs\codeigniterfour\app\Controllers\Users.php(3): include()
#2 C:\xampp\htdocs\codeigniterfour\vendor\codeigniter4\framework\system\Autoloader\Autoloader.php(365): require_once('C:\\xampp\\htdocs...')
#3 C:\xampp\htdocs\codeigniterfour\vendor\codeigniter4\framework\system\Autoloader\Autoloader.php(296): CodeIgniter\Autoloader\Autoloader->requireFile('C:\\xampp\\htdocs...')
#4 C:\xampp\htdocs\codeigniterfour\vendor\codeigniter4\framework\system\Autoloader\Autoloader.php(258): CodeIgniter\Autoloader\Autoloader->loadInNamespace('App\\Controllers...')
#5 [internal function]: CodeIgniter\Autoloader\Autoloader->loadClass('App\\Controllers...')
#6 [internal function]: spl_autoload_call('App\\Controllers...')
#7 C:\xampp\htdocs\codeigniterfour\vendor\codeigniter4\framework\system\CodeIgniter.php(869): class_exists('\\App\\Controller...', true)
#8 C:\xampp\htdocs\codeigniterfour\vendor\codeigniter4\framework\system\CodeIgniter.php(394): CodeIgniter\CodeIgniter->startController()
#9 C:\xampp\htdocs\codeigniterfour\vendor\codeigniter4\framework\system\CodeIgniter.php(312): CodeIgniter\CodeIgniter->handleRequest(NULL, Object(Config\Cache), false)
#10 C:\xampp\htdocs\codeigniterfour\public\index.php(45): CodeIgniter\CodeIgniter->run()
#11 C:\xampp\htdocs\codeigniterfour\vendor\codeigniter4\framework\system\Commands\Server\rewrite.php(34): require_once('C:\\xampp\\htdocs...')
#12 {main}
CRITICAL - 2020-12-29 01:55:37 --> include(../../public/lib/DataTables.php): failed to open stream: No such file or directory
#0 C:\xampp\htdocs\codeigniterfour\app\Controllers\Users.php(3): CodeIgniter\Debug\Exceptions->errorHandler(2, 'include(../../p...', 'C:\\xampp\\htdocs...', 3, Array)
#1 C:\xampp\htdocs\codeigniterfour\app\Controllers\Users.php(3): include()
#2 C:\xampp\htdocs\codeigniterfour\vendor\codeigniter4\framework\system\Autoloader\Autoloader.php(365): require_once('C:\\xampp\\htdocs...')
#3 C:\xampp\htdocs\codeigniterfour\vendor\codeigniter4\framework\system\Autoloader\Autoloader.php(296): CodeIgniter\Autoloader\Autoloader->requireFile('C:\\xampp\\htdocs...')
#4 C:\xampp\htdocs\codeigniterfour\vendor\codeigniter4\framework\system\Autoloader\Autoloader.php(258): CodeIgniter\Autoloader\Autoloader->loadInNamespace('App\\Controllers...')
#5 [internal function]: CodeIgniter\Autoloader\Autoloader->loadClass('App\\Controllers...')
#6 [internal function]: spl_autoload_call('App\\Controllers...')
#7 C:\xampp\htdocs\codeigniterfour\vendor\codeigniter4\framework\system\CodeIgniter.php(869): class_exists('\\App\\Controller...', true)
#8 C:\xampp\htdocs\codeigniterfour\vendor\codeigniter4\framework\system\CodeIgniter.php(394): CodeIgniter\CodeIgniter->startController()
#9 C:\xampp\htdocs\codeigniterfour\vendor\codeigniter4\framework\system\CodeIgniter.php(312): CodeIgniter\CodeIgniter->handleRequest(NULL, Object(Config\Cache), false)
#10 C:\xampp\htdocs\codeigniterfour\public\index.php(45): CodeIgniter\CodeIgniter->run()
#11 C:\xampp\htdocs\codeigniterfour\vendor\codeigniter4\framework\system\Commands\Server\rewrite.php(34): require_once('C:\\xampp\\htdocs...')
#12 {main}
CRITICAL - 2020-12-29 01:58:25 --> include(base_url()./lib/DataTables.php): failed to open stream: No such file or directory
#0 C:\xampp\htdocs\codeigniterfour\app\Controllers\Users.php(3): CodeIgniter\Debug\Exceptions->errorHandler(2, 'include(base_ur...', 'C:\\xampp\\htdocs...', 3, Array)
#1 C:\xampp\htdocs\codeigniterfour\app\Controllers\Users.php(3): include()
#2 C:\xampp\htdocs\codeigniterfour\vendor\codeigniter4\framework\system\Autoloader\Autoloader.php(365): require_once('C:\\xampp\\htdocs...')
#3 C:\xampp\htdocs\codeigniterfour\vendor\codeigniter4\framework\system\Autoloader\Autoloader.php(296): CodeIgniter\Autoloader\Autoloader->requireFile('C:\\xampp\\htdocs...')
#4 C:\xampp\htdocs\codeigniterfour\vendor\codeigniter4\framework\system\Autoloader\Autoloader.php(258): CodeIgniter\Autoloader\Autoloader->loadInNamespace('App\\Controllers...')
#5 [internal function]: CodeIgniter\Autoloader\Autoloader->loadClass('App\\Controllers...')
#6 [internal function]: spl_autoload_call('App\\Controllers...')
#7 C:\xampp\htdocs\codeigniterfour\vendor\codeigniter4\framework\system\CodeIgniter.php(869): class_exists('\\App\\Controller...', true)
#8 C:\xampp\htdocs\codeigniterfour\vendor\codeigniter4\framework\system\CodeIgniter.php(394): CodeIgniter\CodeIgniter->startController()
#9 C:\xampp\htdocs\codeigniterfour\vendor\codeigniter4\framework\system\CodeIgniter.php(312): CodeIgniter\CodeIgniter->handleRequest(NULL, Object(Config\Cache), false)
#10 C:\xampp\htdocs\codeigniterfour\public\index.php(45): CodeIgniter\CodeIgniter->run()
#11 C:\xampp\htdocs\codeigniterfour\vendor\codeigniter4\framework\system\Commands\Server\rewrite.php(34): require_once('C:\\xampp\\htdocs...')
#12 {main}
CRITICAL - 2020-12-29 02:01:30 --> include(../../../lib/DataTables.php): failed to open stream: No such file or directory
#0 C:\xampp\htdocs\codeigniterfour\app\Controllers\Users.php(3): CodeIgniter\Debug\Exceptions->errorHandler(2, 'include(../../....', 'C:\\xampp\\htdocs...', 3, Array)
#1 C:\xampp\htdocs\codeigniterfour\app\Controllers\Users.php(3): include()
#2 C:\xampp\htdocs\codeigniterfour\vendor\codeigniter4\framework\system\Autoloader\Autoloader.php(365): require_once('C:\\xampp\\htdocs...')
#3 C:\xampp\htdocs\codeigniterfour\vendor\codeigniter4\framework\system\Autoloader\Autoloader.php(296): CodeIgniter\Autoloader\Autoloader->requireFile('C:\\xampp\\htdocs...')
#4 C:\xampp\htdocs\codeigniterfour\vendor\codeigniter4\framework\system\Autoloader\Autoloader.php(258): CodeIgniter\Autoloader\Autoloader->loadInNamespace('App\\Controllers...')
#5 [internal function]: CodeIgniter\Autoloader\Autoloader->loadClass('App\\Controllers...')
#6 [internal function]: spl_autoload_call('App\\Controllers...')
#7 C:\xampp\htdocs\codeigniterfour\vendor\codeigniter4\framework\system\CodeIgniter.php(869): class_exists('\\App\\Controller...', true)
#8 C:\xampp\htdocs\codeigniterfour\vendor\codeigniter4\framework\system\CodeIgniter.php(394): CodeIgniter\CodeIgniter->startController()
#9 C:\xampp\htdocs\codeigniterfour\vendor\codeigniter4\framework\system\CodeIgniter.php(312): CodeIgniter\CodeIgniter->handleRequest(NULL, Object(Config\Cache), false)
#10 C:\xampp\htdocs\codeigniterfour\public\index.php(45): CodeIgniter\CodeIgniter->run()
#11 C:\xampp\htdocs\codeigniterfour\vendor\codeigniter4\framework\system\Commands\Server\rewrite.php(34): require_once('C:\\xampp\\htdocs...')
#12 {main}
CRITICAL - 2020-12-29 02:03:08 --> require(../../../lib/DataTables.php): failed to open stream: No such file or directory
#0 C:\xampp\htdocs\codeigniterfour\app\Controllers\Users.php(3): CodeIgniter\Debug\Exceptions->errorHandler(2, 'require(../../....', 'C:\\xampp\\htdocs...', 3, Array)
#1 C:\xampp\htdocs\codeigniterfour\app\Controllers\Users.php(3): require()
#2 C:\xampp\htdocs\codeigniterfour\vendor\codeigniter4\framework\system\Autoloader\Autoloader.php(365): require_once('C:\\xampp\\htdocs...')
#3 C:\xampp\htdocs\codeigniterfour\vendor\codeigniter4\framework\system\Autoloader\Autoloader.php(296): CodeIgniter\Autoloader\Autoloader->requireFile('C:\\xampp\\htdocs...')
#4 C:\xampp\htdocs\codeigniterfour\vendor\codeigniter4\framework\system\Autoloader\Autoloader.php(258): CodeIgniter\Autoloader\Autoloader->loadInNamespace('App\\Controllers...')
#5 [internal function]: CodeIgniter\Autoloader\Autoloader->loadClass('App\\Controllers...')
#6 [internal function]: spl_autoload_call('App\\Controllers...')
#7 C:\xampp\htdocs\codeigniterfour\vendor\codeigniter4\framework\system\CodeIgniter.php(869): class_exists('\\App\\Controller...', true)
#8 C:\xampp\htdocs\codeigniterfour\vendor\codeigniter4\framework\system\CodeIgniter.php(394): CodeIgniter\CodeIgniter->startController()
#9 C:\xampp\htdocs\codeigniterfour\vendor\codeigniter4\framework\system\CodeIgniter.php(312): CodeIgniter\CodeIgniter->handleRequest(NULL, Object(Config\Cache), false)
#10 C:\xampp\htdocs\codeigniterfour\public\index.php(45): CodeIgniter\CodeIgniter->run()
#11 C:\xampp\htdocs\codeigniterfour\vendor\codeigniter4\framework\system\Commands\Server\rewrite.php(34): require_once('C:\\xampp\\htdocs...')
#12 {main}
CRITICAL - 2020-12-29 02:03:24 --> require(../../../lib/DataTables.php): failed to open stream: No such file or directory
#0 C:\xampp\htdocs\codeigniterfour\app\Controllers\Users.php(3): CodeIgniter\Debug\Exceptions->errorHandler(2, 'require(../../....', 'C:\\xampp\\htdocs...', 3, Array)
#1 C:\xampp\htdocs\codeigniterfour\app\Controllers\Users.php(3): require()
#2 C:\xampp\htdocs\codeigniterfour\vendor\codeigniter4\framework\system\Autoloader\Autoloader.php(365): require_once('C:\\xampp\\htdocs...')
#3 C:\xampp\htdocs\codeigniterfour\vendor\codeigniter4\framework\system\Autoloader\Autoloader.php(296): CodeIgniter\Autoloader\Autoloader->requireFile('C:\\xampp\\htdocs...')
#4 C:\xampp\htdocs\codeigniterfour\vendor\codeigniter4\framework\system\Autoloader\Autoloader.php(258): CodeIgniter\Autoloader\Autoloader->loadInNamespace('App\\Controllers...')
#5 [internal function]: CodeIgniter\Autoloader\Autoloader->loadClass('App\\Controllers...')
#6 [internal function]: spl_autoload_call('App\\Controllers...')
#7 C:\xampp\htdocs\codeigniterfour\vendor\codeigniter4\framework\system\CodeIgniter.php(869): class_exists('\\App\\Controller...', true)
#8 C:\xampp\htdocs\codeigniterfour\vendor\codeigniter4\framework\system\CodeIgniter.php(394): CodeIgniter\CodeIgniter->startController()
#9 C:\xampp\htdocs\codeigniterfour\vendor\codeigniter4\framework\system\CodeIgniter.php(312): CodeIgniter\CodeIgniter->handleRequest(NULL, Object(Config\Cache), false)
#10 C:\xampp\htdocs\codeigniterfour\public\index.php(45): CodeIgniter\CodeIgniter->run()
#11 C:\xampp\htdocs\codeigniterfour\vendor\codeigniter4\framework\system\Commands\Server\rewrite.php(34): require_once('C:\\xampp\\htdocs...')
#12 {main}
CRITICAL - 2020-12-29 02:03:25 --> require(../../../lib/DataTables.php): failed to open stream: No such file or directory
#0 C:\xampp\htdocs\codeigniterfour\app\Controllers\Users.php(3): CodeIgniter\Debug\Exceptions->errorHandler(2, 'require(../../....', 'C:\\xampp\\htdocs...', 3, Array)
#1 C:\xampp\htdocs\codeigniterfour\app\Controllers\Users.php(3): require()
#2 C:\xampp\htdocs\codeigniterfour\vendor\codeigniter4\framework\system\Autoloader\Autoloader.php(365): require_once('C:\\xampp\\htdocs...')
#3 C:\xampp\htdocs\codeigniterfour\vendor\codeigniter4\framework\system\Autoloader\Autoloader.php(296): CodeIgniter\Autoloader\Autoloader->requireFile('C:\\xampp\\htdocs...')
#4 C:\xampp\htdocs\codeigniterfour\vendor\codeigniter4\framework\system\Autoloader\Autoloader.php(258): CodeIgniter\Autoloader\Autoloader->loadInNamespace('App\\Controllers...')
#5 [internal function]: CodeIgniter\Autoloader\Autoloader->loadClass('App\\Controllers...')
#6 [internal function]: spl_autoload_call('App\\Controllers...')
#7 C:\xampp\htdocs\codeigniterfour\vendor\codeigniter4\framework\system\CodeIgniter.php(869): class_exists('\\App\\Controller...', true)
#8 C:\xampp\htdocs\codeigniterfour\vendor\codeigniter4\framework\system\CodeIgniter.php(394): CodeIgniter\CodeIgniter->startController()
#9 C:\xampp\htdocs\codeigniterfour\vendor\codeigniter4\framework\system\CodeIgniter.php(312): CodeIgniter\CodeIgniter->handleRequest(NULL, Object(Config\Cache), false)
#10 C:\xampp\htdocs\codeigniterfour\public\index.php(45): CodeIgniter\CodeIgniter->run()
#11 C:\xampp\htdocs\codeigniterfour\vendor\codeigniter4\framework\system\Commands\Server\rewrite.php(34): require_once('C:\\xampp\\htdocs...')
#12 {main}
CRITICAL - 2020-12-29 02:03:46 --> require(../lib/DataTables.php): failed to open stream: No such file or directory
#0 C:\xampp\htdocs\codeigniterfour\app\Controllers\Users.php(3): CodeIgniter\Debug\Exceptions->errorHandler(2, 'require(../lib/...', 'C:\\xampp\\htdocs...', 3, Array)
#1 C:\xampp\htdocs\codeigniterfour\app\Controllers\Users.php(3): require()
#2 C:\xampp\htdocs\codeigniterfour\vendor\codeigniter4\framework\system\Autoloader\Autoloader.php(365): require_once('C:\\xampp\\htdocs...')
#3 C:\xampp\htdocs\codeigniterfour\vendor\codeigniter4\framework\system\Autoloader\Autoloader.php(296): CodeIgniter\Autoloader\Autoloader->requireFile('C:\\xampp\\htdocs...')
#4 C:\xampp\htdocs\codeigniterfour\vendor\codeigniter4\framework\system\Autoloader\Autoloader.php(258): CodeIgniter\Autoloader\Autoloader->loadInNamespace('App\\Controllers...')
#5 [internal function]: CodeIgniter\Autoloader\Autoloader->loadClass('App\\Controllers...')
#6 [internal function]: spl_autoload_call('App\\Controllers...')
#7 C:\xampp\htdocs\codeigniterfour\vendor\codeigniter4\framework\system\CodeIgniter.php(869): class_exists('\\App\\Controller...', true)
#8 C:\xampp\htdocs\codeigniterfour\vendor\codeigniter4\framework\system\CodeIgniter.php(394): CodeIgniter\CodeIgniter->startController()
#9 C:\xampp\htdocs\codeigniterfour\vendor\codeigniter4\framework\system\CodeIgniter.php(312): CodeIgniter\CodeIgniter->handleRequest(NULL, Object(Config\Cache), false)
#10 C:\xampp\htdocs\codeigniterfour\public\index.php(45): CodeIgniter\CodeIgniter->run()
#11 C:\xampp\htdocs\codeigniterfour\vendor\codeigniter4\framework\system\Commands\Server\rewrite.php(34): require_once('C:\\xampp\\htdocs...')
#12 {main}
CRITICAL - 2020-12-29 02:03:47 --> require(../lib/DataTables.php): failed to open stream: No such file or directory
#0 C:\xampp\htdocs\codeigniterfour\app\Controllers\Users.php(3): CodeIgniter\Debug\Exceptions->errorHandler(2, 'require(../lib/...', 'C:\\xampp\\htdocs...', 3, Array)
#1 C:\xampp\htdocs\codeigniterfour\app\Controllers\Users.php(3): require()
#2 C:\xampp\htdocs\codeigniterfour\vendor\codeigniter4\framework\system\Autoloader\Autoloader.php(365): require_once('C:\\xampp\\htdocs...')
#3 C:\xampp\htdocs\codeigniterfour\vendor\codeigniter4\framework\system\Autoloader\Autoloader.php(296): CodeIgniter\Autoloader\Autoloader->requireFile('C:\\xampp\\htdocs...')
#4 C:\xampp\htdocs\codeigniterfour\vendor\codeigniter4\framework\system\Autoloader\Autoloader.php(258): CodeIgniter\Autoloader\Autoloader->loadInNamespace('App\\Controllers...')
#5 [internal function]: CodeIgniter\Autoloader\Autoloader->loadClass('App\\Controllers...')
#6 [internal function]: spl_autoload_call('App\\Controllers...')
#7 C:\xampp\htdocs\codeigniterfour\vendor\codeigniter4\framework\system\CodeIgniter.php(869): class_exists('\\App\\Controller...', true)
#8 C:\xampp\htdocs\codeigniterfour\vendor\codeigniter4\framework\system\CodeIgniter.php(394): CodeIgniter\CodeIgniter->startController()
#9 C:\xampp\htdocs\codeigniterfour\vendor\codeigniter4\framework\system\CodeIgniter.php(312): CodeIgniter\CodeIgniter->handleRequest(NULL, Object(Config\Cache), false)
#10 C:\xampp\htdocs\codeigniterfour\public\index.php(45): CodeIgniter\CodeIgniter->run()
#11 C:\xampp\htdocs\codeigniterfour\vendor\codeigniter4\framework\system\Commands\Server\rewrite.php(34): require_once('C:\\xampp\\htdocs...')
#12 {main}
CRITICAL - 2020-12-29 02:03:47 --> require(../lib/DataTables.php): failed to open stream: No such file or directory
#0 C:\xampp\htdocs\codeigniterfour\app\Controllers\Users.php(3): CodeIgniter\Debug\Exceptions->errorHandler(2, 'require(../lib/...', 'C:\\xampp\\htdocs...', 3, Array)
#1 C:\xampp\htdocs\codeigniterfour\app\Controllers\Users.php(3): require()
#2 C:\xampp\htdocs\codeigniterfour\vendor\codeigniter4\framework\system\Autoloader\Autoloader.php(365): require_once('C:\\xampp\\htdocs...')
#3 C:\xampp\htdocs\codeigniterfour\vendor\codeigniter4\framework\system\Autoloader\Autoloader.php(296): CodeIgniter\Autoloader\Autoloader->requireFile('C:\\xampp\\htdocs...')
#4 C:\xampp\htdocs\codeigniterfour\vendor\codeigniter4\framework\system\Autoloader\Autoloader.php(258): CodeIgniter\Autoloader\Autoloader->loadInNamespace('App\\Controllers...')
#5 [internal function]: CodeIgniter\Autoloader\Autoloader->loadClass('App\\Controllers...')
#6 [internal function]: spl_autoload_call('App\\Controllers...')
#7 C:\xampp\htdocs\codeigniterfour\vendor\codeigniter4\framework\system\CodeIgniter.php(869): class_exists('\\App\\Controller...', true)
#8 C:\xampp\htdocs\codeigniterfour\vendor\codeigniter4\framework\system\CodeIgniter.php(394): CodeIgniter\CodeIgniter->startController()
#9 C:\xampp\htdocs\codeigniterfour\vendor\codeigniter4\framework\system\CodeIgniter.php(312): CodeIgniter\CodeIgniter->handleRequest(NULL, Object(Config\Cache), false)
#10 C:\xampp\htdocs\codeigniterfour\public\index.php(45): CodeIgniter\CodeIgniter->run()
#11 C:\xampp\htdocs\codeigniterfour\vendor\codeigniter4\framework\system\Commands\Server\rewrite.php(34): require_once('C:\\xampp\\htdocs...')
#12 {main}
CRITICAL - 2020-12-29 06:27:38 --> Call to a member function transaction() on null
#0 C:\xampp\htdocs\codeigniterfour\vendor\datatables.net\editor-php\Editor.php(703): DataTables\Editor->_process(Array)
#1 C:\xampp\htdocs\codeigniterfour\app\Controllers\Users.php(77): DataTables\Editor->process(Array)
#2 C:\xampp\htdocs\codeigniterfour\vendor\codeigniter4\framework\system\CodeIgniter.php(918): App\Controllers\Users->getDatatablePost()
#3 C:\xampp\htdocs\codeigniterfour\vendor\codeigniter4\framework\system\CodeIgniter.php(404): CodeIgniter\CodeIgniter->runController(Object(App\Controllers\Users))
#4 C:\xampp\htdocs\codeigniterfour\vendor\codeigniter4\framework\system\CodeIgniter.php(312): CodeIgniter\CodeIgniter->handleRequest(NULL, Object(Config\Cache), false)
#5 C:\xampp\htdocs\codeigniterfour\public\index.php(45): CodeIgniter\CodeIgniter->run()
#6 C:\xampp\htdocs\codeigniterfour\vendor\codeigniter4\framework\system\Commands\Server\rewrite.php(34): require_once('C:\\xampp\\htdocs...')
#7 {main}
CRITICAL - 2020-12-29 06:28:08 --> Call to a member function transaction() on null
#0 C:\xampp\htdocs\codeigniterfour\vendor\datatables.net\editor-php\Editor.php(703): DataTables\Editor->_process(Array)
#1 C:\xampp\htdocs\codeigniterfour\app\Controllers\Users.php(77): DataTables\Editor->process(Array)
#2 C:\xampp\htdocs\codeigniterfour\vendor\codeigniter4\framework\system\CodeIgniter.php(918): App\Controllers\Users->getDatatablePost()
#3 C:\xampp\htdocs\codeigniterfour\vendor\codeigniter4\framework\system\CodeIgniter.php(404): CodeIgniter\CodeIgniter->runController(Object(App\Controllers\Users))
#4 C:\xampp\htdocs\codeigniterfour\vendor\codeigniter4\framework\system\CodeIgniter.php(312): CodeIgniter\CodeIgniter->handleRequest(NULL, Object(Config\Cache), false)
#5 C:\xampp\htdocs\codeigniterfour\public\index.php(45): CodeIgniter\CodeIgniter->run()
#6 C:\xampp\htdocs\codeigniterfour\vendor\codeigniter4\framework\system\Commands\Server\rewrite.php(34): require_once('C:\\xampp\\htdocs...')
#7 {main}
CRITICAL - 2020-12-29 06:40:27 --> Call to a member function transaction() on null
#0 C:\xampp\htdocs\codeigniterfour\vendor\datatables.net\editor-php\Editor.php(703): DataTables\Editor->_process(Array)
#1 C:\xampp\htdocs\codeigniterfour\app\Controllers\Users.php(77): DataTables\Editor->process(Array)
#2 C:\xampp\htdocs\codeigniterfour\vendor\codeigniter4\framework\system\CodeIgniter.php(918): App\Controllers\Users->getDatatablePost()
#3 C:\xampp\htdocs\codeigniterfour\vendor\codeigniter4\framework\system\CodeIgniter.php(404): CodeIgniter\CodeIgniter->runController(Object(App\Controllers\Users))
#4 C:\xampp\htdocs\codeigniterfour\vendor\codeigniter4\framework\system\CodeIgniter.php(312): CodeIgniter\CodeIgniter->handleRequest(NULL, Object(Config\Cache), false)
#5 C:\xampp\htdocs\codeigniterfour\public\index.php(45): CodeIgniter\CodeIgniter->run()
#6 C:\xampp\htdocs\codeigniterfour\vendor\codeigniter4\framework\system\Commands\Server\rewrite.php(34): require_once('C:\\xampp\\htdocs...')
#7 {main}
CRITICAL - 2020-12-29 23:56:51 --> Call to a member function getVar() on null
#0 C:\xampp\htdocs\codeigniterfour\vendor\codeigniter4\framework\system\CodeIgniter.php(918): App\Controllers\Users->updateUserOnChange()
#1 C:\xampp\htdocs\codeigniterfour\vendor\codeigniter4\framework\system\CodeIgniter.php(404): CodeIgniter\CodeIgniter->runController(Object(App\Controllers\Users))
#2 C:\xampp\htdocs\codeigniterfour\vendor\codeigniter4\framework\system\CodeIgniter.php(312): CodeIgniter\CodeIgniter->handleRequest(NULL, Object(Config\Cache), false)
#3 C:\xampp\htdocs\codeigniterfour\public\index.php(45): CodeIgniter\CodeIgniter->run()
#4 C:\xampp\htdocs\codeigniterfour\vendor\codeigniter4\framework\system\Commands\Server\rewrite.php(34): require_once('C:\\xampp\\htdocs...')
#5 {main}
CRITICAL - 2020-12-29 23:56:59 --> Call to a member function getVar() on null
#0 C:\xampp\htdocs\codeigniterfour\vendor\codeigniter4\framework\system\CodeIgniter.php(918): App\Controllers\Users->updateUserOnChange()
#1 C:\xampp\htdocs\codeigniterfour\vendor\codeigniter4\framework\system\CodeIgniter.php(404): CodeIgniter\CodeIgniter->runController(Object(App\Controllers\Users))
#2 C:\xampp\htdocs\codeigniterfour\vendor\codeigniter4\framework\system\CodeIgniter.php(312): CodeIgniter\CodeIgniter->handleRequest(NULL, Object(Config\Cache), false)
#3 C:\xampp\htdocs\codeigniterfour\public\index.php(45): CodeIgniter\CodeIgniter->run()
#4 C:\xampp\htdocs\codeigniterfour\vendor\codeigniter4\framework\system\Commands\Server\rewrite.php(34): require_once('C:\\xampp\\htdocs...')
#5 {main}
CRITICAL - 2020-12-29 23:57:39 --> Call to a member function getGet() on null
#0 C:\xampp\htdocs\codeigniterfour\vendor\codeigniter4\framework\system\CodeIgniter.php(918): App\Controllers\Users->updateUserOnChange()
#1 C:\xampp\htdocs\codeigniterfour\vendor\codeigniter4\framework\system\CodeIgniter.php(404): CodeIgniter\CodeIgniter->runController(Object(App\Controllers\Users))
#2 C:\xampp\htdocs\codeigniterfour\vendor\codeigniter4\framework\system\CodeIgniter.php(312): CodeIgniter\CodeIgniter->handleRequest(NULL, Object(Config\Cache), false)
#3 C:\xampp\htdocs\codeigniterfour\public\index.php(45): CodeIgniter\CodeIgniter->run()
#4 C:\xampp\htdocs\codeigniterfour\vendor\codeigniter4\framework\system\Commands\Server\rewrite.php(34): require_once('C:\\xampp\\htdocs...')
#5 {main}
CRITICAL - 2020-12-29 23:57:48 --> Call to a member function getGet() on null
#0 C:\xampp\htdocs\codeigniterfour\vendor\codeigniter4\framework\system\CodeIgniter.php(918): App\Controllers\Users->updateUserOnChange()
#1 C:\xampp\htdocs\codeigniterfour\vendor\codeigniter4\framework\system\CodeIgniter.php(404): CodeIgniter\CodeIgniter->runController(Object(App\Controllers\Users))
#2 C:\xampp\htdocs\codeigniterfour\vendor\codeigniter4\framework\system\CodeIgniter.php(312): CodeIgniter\CodeIgniter->handleRequest(NULL, Object(Config\Cache), false)
#3 C:\xampp\htdocs\codeigniterfour\public\index.php(45): CodeIgniter\CodeIgniter->run()
#4 C:\xampp\htdocs\codeigniterfour\vendor\codeigniter4\framework\system\Commands\Server\rewrite.php(34): require_once('C:\\xampp\\htdocs...')
#5 {main}
CRITICAL - 2020-12-29 23:59:16 --> Call to undefined method App\Controllers\Users::input()
#0 C:\xampp\htdocs\codeigniterfour\vendor\codeigniter4\framework\system\CodeIgniter.php(918): App\Controllers\Users->updateUserOnChange()
#1 C:\xampp\htdocs\codeigniterfour\vendor\codeigniter4\framework\system\CodeIgniter.php(404): CodeIgniter\CodeIgniter->runController(Object(App\Controllers\Users))
#2 C:\xampp\htdocs\codeigniterfour\vendor\codeigniter4\framework\system\CodeIgniter.php(312): CodeIgniter\CodeIgniter->handleRequest(NULL, Object(Config\Cache), false)
#3 C:\xampp\htdocs\codeigniterfour\public\index.php(45): CodeIgniter\CodeIgniter->run()
#4 C:\xampp\htdocs\codeigniterfour\vendor\codeigniter4\framework\system\Commands\Server\rewrite.php(34): require_once('C:\\xampp\\htdocs...')
#5 {main}
