CRITICAL - 2021-01-10 04:46:05 --> syntax error, unexpected '<', expecting end of file
#0 C:\Users\Atik\Desktop\refrens\vendor\codeigniter4\framework\system\Autoloader\Autoloader.php(296): CodeIgniter\Autoloader\Autoloader->requireFile('C:\\Users\\Atik\\D...')
#1 C:\Users\Atik\Desktop\refrens\vendor\codeigniter4\framework\system\Autoloader\Autoloader.php(258): CodeIgniter\Autoloader\Autoloader->loadInNamespace('App\\Controllers...')
#2 [internal function]: CodeIgniter\Autoloader\Autoloader->loadClass('App\\Controllers...')
#3 [internal function]: spl_autoload_call('App\\Controllers...')
#4 C:\Users\Atik\Desktop\refrens\vendor\codeigniter4\framework\system\CodeIgniter.php(869): class_exists('\\App\\Controller...', true)
#5 C:\Users\Atik\Desktop\refrens\vendor\codeigniter4\framework\system\CodeIgniter.php(394): CodeIgniter\CodeIgniter->startController()
#6 C:\Users\Atik\Desktop\refrens\vendor\codeigniter4\framework\system\CodeIgniter.php(312): CodeIgniter\CodeIgniter->handleRequest(NULL, Object(Config\Cache), false)
#7 C:\Users\Atik\Desktop\refrens\public\index.php(45): CodeIgniter\CodeIgniter->run()
#8 C:\Users\Atik\Desktop\refrens\vendor\codeigniter4\framework\system\Commands\Server\rewrite.php(34): require_once('C:\\Users\\Atik\\D...')
#9 {main}
CRITICAL - 2021-01-10 04:52:57 --> Object of class stdClass could not be converted to string
#0 C:\Users\Atik\Desktop\refrens\vendor\codeigniter4\framework\system\CodeIgniter.php(918): App\Controllers\QuotationController->getMyQuotation()
#1 C:\Users\Atik\Desktop\refrens\vendor\codeigniter4\framework\system\CodeIgniter.php(404): CodeIgniter\CodeIgniter->runController(Object(App\Controllers\QuotationController))
#2 C:\Users\Atik\Desktop\refrens\vendor\codeigniter4\framework\system\CodeIgniter.php(312): CodeIgniter\CodeIgniter->handleRequest(NULL, Object(Config\Cache), false)
#3 C:\Users\Atik\Desktop\refrens\public\index.php(45): CodeIgniter\CodeIgniter->run()
#4 C:\Users\Atik\Desktop\refrens\vendor\codeigniter4\framework\system\Commands\Server\rewrite.php(34): require_once('C:\\Users\\Atik\\D...')
#5 {main}
CRITICAL - 2021-01-10 04:53:32 --> json_decode() expects parameter 1 to be string, array given
#0 [internal function]: CodeIgniter\Debug\Exceptions->errorHandler(2, 'json_decode() e...', 'C:\\Users\\Atik\\D...', 16, Array)
#1 C:\Users\Atik\Desktop\refrens\app\Controllers\QuotationController.php(16): json_decode(Array)
#2 C:\Users\Atik\Desktop\refrens\vendor\codeigniter4\framework\system\CodeIgniter.php(918): App\Controllers\QuotationController->getMyQuotation()
#3 C:\Users\Atik\Desktop\refrens\vendor\codeigniter4\framework\system\CodeIgniter.php(404): CodeIgniter\CodeIgniter->runController(Object(App\Controllers\QuotationController))
#4 C:\Users\Atik\Desktop\refrens\vendor\codeigniter4\framework\system\CodeIgniter.php(312): CodeIgniter\CodeIgniter->handleRequest(NULL, Object(Config\Cache), false)
#5 C:\Users\Atik\Desktop\refrens\public\index.php(45): CodeIgniter\CodeIgniter->run()
#6 C:\Users\Atik\Desktop\refrens\vendor\codeigniter4\framework\system\Commands\Server\rewrite.php(34): require_once('C:\\Users\\Atik\\D...')
#7 {main}
CRITICAL - 2021-01-10 04:53:43 --> json_decode() expects parameter 1 to be string, array given
#0 [internal function]: CodeIgniter\Debug\Exceptions->errorHandler(2, 'json_decode() e...', 'C:\\Users\\Atik\\D...', 16, Array)
#1 C:\Users\Atik\Desktop\refrens\app\Controllers\QuotationController.php(16): json_decode(Array)
#2 C:\Users\Atik\Desktop\refrens\vendor\codeigniter4\framework\system\CodeIgniter.php(918): App\Controllers\QuotationController->getMyQuotation()
#3 C:\Users\Atik\Desktop\refrens\vendor\codeigniter4\framework\system\CodeIgniter.php(404): CodeIgniter\CodeIgniter->runController(Object(App\Controllers\QuotationController))
#4 C:\Users\Atik\Desktop\refrens\vendor\codeigniter4\framework\system\CodeIgniter.php(312): CodeIgniter\CodeIgniter->handleRequest(NULL, Object(Config\Cache), false)
#5 C:\Users\Atik\Desktop\refrens\public\index.php(45): CodeIgniter\CodeIgniter->run()
#6 C:\Users\Atik\Desktop\refrens\vendor\codeigniter4\framework\system\Commands\Server\rewrite.php(34): require_once('C:\\Users\\Atik\\D...')
#7 {main}
CRITICAL - 2021-01-10 04:55:33 --> Object of class stdClass could not be converted to string
#0 C:\Users\Atik\Desktop\refrens\vendor\codeigniter4\framework\system\CodeIgniter.php(918): App\Controllers\QuotationController->getMyQuotation()
#1 C:\Users\Atik\Desktop\refrens\vendor\codeigniter4\framework\system\CodeIgniter.php(404): CodeIgniter\CodeIgniter->runController(Object(App\Controllers\QuotationController))
#2 C:\Users\Atik\Desktop\refrens\vendor\codeigniter4\framework\system\CodeIgniter.php(312): CodeIgniter\CodeIgniter->handleRequest(NULL, Object(Config\Cache), false)
#3 C:\Users\Atik\Desktop\refrens\public\index.php(45): CodeIgniter\CodeIgniter->run()
#4 C:\Users\Atik\Desktop\refrens\vendor\codeigniter4\framework\system\Commands\Server\rewrite.php(34): require_once('C:\\Users\\Atik\\D...')
#5 {main}
CRITICAL - 2021-01-10 04:56:11 --> json_decode() expects parameter 1 to be string, array given
#0 [internal function]: CodeIgniter\Debug\Exceptions->errorHandler(2, 'json_decode() e...', 'C:\\Users\\Atik\\D...', 16, Array)
#1 C:\Users\Atik\Desktop\refrens\app\Controllers\QuotationController.php(16): json_decode(Array)
#2 C:\Users\Atik\Desktop\refrens\vendor\codeigniter4\framework\system\CodeIgniter.php(918): App\Controllers\QuotationController->getMyQuotation()
#3 C:\Users\Atik\Desktop\refrens\vendor\codeigniter4\framework\system\CodeIgniter.php(404): CodeIgniter\CodeIgniter->runController(Object(App\Controllers\QuotationController))
#4 C:\Users\Atik\Desktop\refrens\vendor\codeigniter4\framework\system\CodeIgniter.php(312): CodeIgniter\CodeIgniter->handleRequest(NULL, Object(Config\Cache), false)
#5 C:\Users\Atik\Desktop\refrens\public\index.php(45): CodeIgniter\CodeIgniter->run()
#6 C:\Users\Atik\Desktop\refrens\vendor\codeigniter4\framework\system\Commands\Server\rewrite.php(34): require_once('C:\\Users\\Atik\\D...')
#7 {main}
CRITICAL - 2021-01-10 04:58:22 --> Illegal string offset 'user_id'
#0 C:\Users\Atik\Desktop\refrens\app\Controllers\QuotationController.php(16): CodeIgniter\Debug\Exceptions->errorHandler(2, 'Illegal string ...', 'C:\\Users\\Atik\\D...', 16, Array)
#1 C:\Users\Atik\Desktop\refrens\vendor\codeigniter4\framework\system\CodeIgniter.php(918): App\Controllers\QuotationController->getMyQuotation()
#2 C:\Users\Atik\Desktop\refrens\vendor\codeigniter4\framework\system\CodeIgniter.php(404): CodeIgniter\CodeIgniter->runController(Object(App\Controllers\QuotationController))
#3 C:\Users\Atik\Desktop\refrens\vendor\codeigniter4\framework\system\CodeIgniter.php(312): CodeIgniter\CodeIgniter->handleRequest(NULL, Object(Config\Cache), false)
#4 C:\Users\Atik\Desktop\refrens\public\index.php(45): CodeIgniter\CodeIgniter->run()
#5 C:\Users\Atik\Desktop\refrens\vendor\codeigniter4\framework\system\Commands\Server\rewrite.php(34): require_once('C:\\Users\\Atik\\D...')
#6 {main}
CRITICAL - 2021-01-10 05:03:52 --> Cannot use object of type stdClass as array
#0 C:\Users\Atik\Desktop\refrens\vendor\codeigniter4\framework\system\CodeIgniter.php(918): App\Controllers\QuotationController->getMyQuotation()
#1 C:\Users\Atik\Desktop\refrens\vendor\codeigniter4\framework\system\CodeIgniter.php(404): CodeIgniter\CodeIgniter->runController(Object(App\Controllers\QuotationController))
#2 C:\Users\Atik\Desktop\refrens\vendor\codeigniter4\framework\system\CodeIgniter.php(312): CodeIgniter\CodeIgniter->handleRequest(NULL, Object(Config\Cache), false)
#3 C:\Users\Atik\Desktop\refrens\public\index.php(45): CodeIgniter\CodeIgniter->run()
#4 C:\Users\Atik\Desktop\refrens\vendor\codeigniter4\framework\system\Commands\Server\rewrite.php(34): require_once('C:\\Users\\Atik\\D...')
#5 {main}
CRITICAL - 2021-01-10 05:10:57 --> Object of class stdClass could not be converted to string
#0 C:\Users\Atik\Desktop\refrens\vendor\codeigniter4\framework\system\CodeIgniter.php(918): App\Controllers\QuotationController->getMyQuotation()
#1 C:\Users\Atik\Desktop\refrens\vendor\codeigniter4\framework\system\CodeIgniter.php(404): CodeIgniter\CodeIgniter->runController(Object(App\Controllers\QuotationController))
#2 C:\Users\Atik\Desktop\refrens\vendor\codeigniter4\framework\system\CodeIgniter.php(312): CodeIgniter\CodeIgniter->handleRequest(NULL, Object(Config\Cache), false)
#3 C:\Users\Atik\Desktop\refrens\public\index.php(45): CodeIgniter\CodeIgniter->run()
#4 C:\Users\Atik\Desktop\refrens\vendor\codeigniter4\framework\system\Commands\Server\rewrite.php(34): require_once('C:\\Users\\Atik\\D...')
#5 {main}
CRITICAL - 2021-01-10 05:18:35 --> Object of class stdClass could not be converted to string
#0 C:\Users\Atik\Desktop\refrens\vendor\codeigniter4\framework\system\CodeIgniter.php(918): App\Controllers\QuotationController->getMyQuotation()
#1 C:\Users\Atik\Desktop\refrens\vendor\codeigniter4\framework\system\CodeIgniter.php(404): CodeIgniter\CodeIgniter->runController(Object(App\Controllers\QuotationController))
#2 C:\Users\Atik\Desktop\refrens\vendor\codeigniter4\framework\system\CodeIgniter.php(312): CodeIgniter\CodeIgniter->handleRequest(NULL, Object(Config\Cache), false)
#3 C:\Users\Atik\Desktop\refrens\public\index.php(45): CodeIgniter\CodeIgniter->run()
#4 C:\Users\Atik\Desktop\refrens\vendor\codeigniter4\framework\system\Commands\Server\rewrite.php(34): require_once('C:\\Users\\Atik\\D...')
#5 {main}
CRITICAL - 2021-01-10 05:21:25 --> Cannot use object of type stdClass as array
#0 C:\Users\Atik\Desktop\refrens\vendor\codeigniter4\framework\system\CodeIgniter.php(918): App\Controllers\QuotationController->getMyQuotation()
#1 C:\Users\Atik\Desktop\refrens\vendor\codeigniter4\framework\system\CodeIgniter.php(404): CodeIgniter\CodeIgniter->runController(Object(App\Controllers\QuotationController))
#2 C:\Users\Atik\Desktop\refrens\vendor\codeigniter4\framework\system\CodeIgniter.php(312): CodeIgniter\CodeIgniter->handleRequest(NULL, Object(Config\Cache), false)
#3 C:\Users\Atik\Desktop\refrens\public\index.php(45): CodeIgniter\CodeIgniter->run()
#4 C:\Users\Atik\Desktop\refrens\vendor\codeigniter4\framework\system\Commands\Server\rewrite.php(34): require_once('C:\\Users\\Atik\\D...')
#5 {main}
CRITICAL - 2021-01-10 05:21:37 --> Cannot use object of type stdClass as array
#0 C:\Users\Atik\Desktop\refrens\vendor\codeigniter4\framework\system\CodeIgniter.php(918): App\Controllers\QuotationController->getMyQuotation()
#1 C:\Users\Atik\Desktop\refrens\vendor\codeigniter4\framework\system\CodeIgniter.php(404): CodeIgniter\CodeIgniter->runController(Object(App\Controllers\QuotationController))
#2 C:\Users\Atik\Desktop\refrens\vendor\codeigniter4\framework\system\CodeIgniter.php(312): CodeIgniter\CodeIgniter->handleRequest(NULL, Object(Config\Cache), false)
#3 C:\Users\Atik\Desktop\refrens\public\index.php(45): CodeIgniter\CodeIgniter->run()
#4 C:\Users\Atik\Desktop\refrens\vendor\codeigniter4\framework\system\Commands\Server\rewrite.php(34): require_once('C:\\Users\\Atik\\D...')
#5 {main}
CRITICAL - 2021-01-10 05:23:56 --> Object of class stdClass could not be converted to string
#0 C:\Users\Atik\Desktop\refrens\vendor\codeigniter4\framework\system\CodeIgniter.php(918): App\Controllers\QuotationController->getMyQuotation()
#1 C:\Users\Atik\Desktop\refrens\vendor\codeigniter4\framework\system\CodeIgniter.php(404): CodeIgniter\CodeIgniter->runController(Object(App\Controllers\QuotationController))
#2 C:\Users\Atik\Desktop\refrens\vendor\codeigniter4\framework\system\CodeIgniter.php(312): CodeIgniter\CodeIgniter->handleRequest(NULL, Object(Config\Cache), false)
#3 C:\Users\Atik\Desktop\refrens\public\index.php(45): CodeIgniter\CodeIgniter->run()
#4 C:\Users\Atik\Desktop\refrens\vendor\codeigniter4\framework\system\Commands\Server\rewrite.php(34): require_once('C:\\Users\\Atik\\D...')
#5 {main}
CRITICAL - 2021-01-10 05:34:33 --> Cannot use object of type stdClass as array
#0 C:\Users\Atik\Desktop\refrens\vendor\codeigniter4\framework\system\CodeIgniter.php(918): App\Controllers\QuotationController->getMyQuotation()
#1 C:\Users\Atik\Desktop\refrens\vendor\codeigniter4\framework\system\CodeIgniter.php(404): CodeIgniter\CodeIgniter->runController(Object(App\Controllers\QuotationController))
#2 C:\Users\Atik\Desktop\refrens\vendor\codeigniter4\framework\system\CodeIgniter.php(312): CodeIgniter\CodeIgniter->handleRequest(NULL, Object(Config\Cache), false)
#3 C:\Users\Atik\Desktop\refrens\public\index.php(45): CodeIgniter\CodeIgniter->run()
#4 C:\Users\Atik\Desktop\refrens\vendor\codeigniter4\framework\system\Commands\Server\rewrite.php(34): require_once('C:\\Users\\Atik\\D...')
#5 {main}
CRITICAL - 2021-01-10 05:36:50 --> Cannot use object of type stdClass as array
#0 C:\Users\Atik\Desktop\refrens\vendor\codeigniter4\framework\system\CodeIgniter.php(918): App\Controllers\QuotationController->getMyQuotation()
#1 C:\Users\Atik\Desktop\refrens\vendor\codeigniter4\framework\system\CodeIgniter.php(404): CodeIgniter\CodeIgniter->runController(Object(App\Controllers\QuotationController))
#2 C:\Users\Atik\Desktop\refrens\vendor\codeigniter4\framework\system\CodeIgniter.php(312): CodeIgniter\CodeIgniter->handleRequest(NULL, Object(Config\Cache), false)
#3 C:\Users\Atik\Desktop\refrens\public\index.php(45): CodeIgniter\CodeIgniter->run()
#4 C:\Users\Atik\Desktop\refrens\vendor\codeigniter4\framework\system\Commands\Server\rewrite.php(34): require_once('C:\\Users\\Atik\\D...')
#5 {main}
CRITICAL - 2021-01-10 05:36:55 --> Cannot use object of type stdClass as array
#0 C:\Users\Atik\Desktop\refrens\vendor\codeigniter4\framework\system\CodeIgniter.php(918): App\Controllers\QuotationController->getMyQuotation()
#1 C:\Users\Atik\Desktop\refrens\vendor\codeigniter4\framework\system\CodeIgniter.php(404): CodeIgniter\CodeIgniter->runController(Object(App\Controllers\QuotationController))
#2 C:\Users\Atik\Desktop\refrens\vendor\codeigniter4\framework\system\CodeIgniter.php(312): CodeIgniter\CodeIgniter->handleRequest(NULL, Object(Config\Cache), false)
#3 C:\Users\Atik\Desktop\refrens\public\index.php(45): CodeIgniter\CodeIgniter->run()
#4 C:\Users\Atik\Desktop\refrens\vendor\codeigniter4\framework\system\Commands\Server\rewrite.php(34): require_once('C:\\Users\\Atik\\D...')
#5 {main}
CRITICAL - 2021-01-10 05:37:04 --> Cannot use object of type stdClass as array
#0 C:\Users\Atik\Desktop\refrens\vendor\codeigniter4\framework\system\CodeIgniter.php(918): App\Controllers\QuotationController->getMyQuotation()
#1 C:\Users\Atik\Desktop\refrens\vendor\codeigniter4\framework\system\CodeIgniter.php(404): CodeIgniter\CodeIgniter->runController(Object(App\Controllers\QuotationController))
#2 C:\Users\Atik\Desktop\refrens\vendor\codeigniter4\framework\system\CodeIgniter.php(312): CodeIgniter\CodeIgniter->handleRequest(NULL, Object(Config\Cache), false)
#3 C:\Users\Atik\Desktop\refrens\public\index.php(45): CodeIgniter\CodeIgniter->run()
#4 C:\Users\Atik\Desktop\refrens\vendor\codeigniter4\framework\system\Commands\Server\rewrite.php(34): require_once('C:\\Users\\Atik\\D...')
#5 {main}
CRITICAL - 2021-01-10 05:40:27 --> json_decode() expects parameter 1 to be string, array given
#0 [internal function]: CodeIgniter\Debug\Exceptions->errorHandler(2, 'json_decode() e...', 'C:\\Users\\Atik\\D...', 23, Array)
#1 C:\Users\Atik\Desktop\refrens\app\Controllers\QuotationController.php(23): json_decode(Array)
#2 C:\Users\Atik\Desktop\refrens\vendor\codeigniter4\framework\system\CodeIgniter.php(918): App\Controllers\QuotationController->getMyQuotation()
#3 C:\Users\Atik\Desktop\refrens\vendor\codeigniter4\framework\system\CodeIgniter.php(404): CodeIgniter\CodeIgniter->runController(Object(App\Controllers\QuotationController))
#4 C:\Users\Atik\Desktop\refrens\vendor\codeigniter4\framework\system\CodeIgniter.php(312): CodeIgniter\CodeIgniter->handleRequest(NULL, Object(Config\Cache), false)
#5 C:\Users\Atik\Desktop\refrens\public\index.php(45): CodeIgniter\CodeIgniter->run()
#6 C:\Users\Atik\Desktop\refrens\vendor\codeigniter4\framework\system\Commands\Server\rewrite.php(34): require_once('C:\\Users\\Atik\\D...')
#7 {main}
CRITICAL - 2021-01-10 05:40:38 --> json_decode() expects parameter 1 to be string, array given
#0 [internal function]: CodeIgniter\Debug\Exceptions->errorHandler(2, 'json_decode() e...', 'C:\\Users\\Atik\\D...', 23, Array)
#1 C:\Users\Atik\Desktop\refrens\app\Controllers\QuotationController.php(23): json_decode(Array, true)
#2 C:\Users\Atik\Desktop\refrens\vendor\codeigniter4\framework\system\CodeIgniter.php(918): App\Controllers\QuotationController->getMyQuotation()
#3 C:\Users\Atik\Desktop\refrens\vendor\codeigniter4\framework\system\CodeIgniter.php(404): CodeIgniter\CodeIgniter->runController(Object(App\Controllers\QuotationController))
#4 C:\Users\Atik\Desktop\refrens\vendor\codeigniter4\framework\system\CodeIgniter.php(312): CodeIgniter\CodeIgniter->handleRequest(NULL, Object(Config\Cache), false)
#5 C:\Users\Atik\Desktop\refrens\public\index.php(45): CodeIgniter\CodeIgniter->run()
#6 C:\Users\Atik\Desktop\refrens\vendor\codeigniter4\framework\system\Commands\Server\rewrite.php(34): require_once('C:\\Users\\Atik\\D...')
#7 {main}
CRITICAL - 2021-01-10 05:40:39 --> json_decode() expects parameter 1 to be string, array given
#0 [internal function]: CodeIgniter\Debug\Exceptions->errorHandler(2, 'json_decode() e...', 'C:\\Users\\Atik\\D...', 23, Array)
#1 C:\Users\Atik\Desktop\refrens\app\Controllers\QuotationController.php(23): json_decode(Array, true)
#2 C:\Users\Atik\Desktop\refrens\vendor\codeigniter4\framework\system\CodeIgniter.php(918): App\Controllers\QuotationController->getMyQuotation()
#3 C:\Users\Atik\Desktop\refrens\vendor\codeigniter4\framework\system\CodeIgniter.php(404): CodeIgniter\CodeIgniter->runController(Object(App\Controllers\QuotationController))
#4 C:\Users\Atik\Desktop\refrens\vendor\codeigniter4\framework\system\CodeIgniter.php(312): CodeIgniter\CodeIgniter->handleRequest(NULL, Object(Config\Cache), false)
#5 C:\Users\Atik\Desktop\refrens\public\index.php(45): CodeIgniter\CodeIgniter->run()
#6 C:\Users\Atik\Desktop\refrens\vendor\codeigniter4\framework\system\Commands\Server\rewrite.php(34): require_once('C:\\Users\\Atik\\D...')
#7 {main}
CRITICAL - 2021-01-10 05:52:15 --> json_decode() expects parameter 1 to be string, array given
#0 [internal function]: CodeIgniter\Debug\Exceptions->errorHandler(2, 'json_decode() e...', 'C:\\Users\\Atik\\D...', 25, Array)
#1 C:\Users\Atik\Desktop\refrens\app\Controllers\QuotationController.php(25): json_decode(Array)
#2 C:\Users\Atik\Desktop\refrens\vendor\codeigniter4\framework\system\CodeIgniter.php(918): App\Controllers\QuotationController->getMyQuotation()
#3 C:\Users\Atik\Desktop\refrens\vendor\codeigniter4\framework\system\CodeIgniter.php(404): CodeIgniter\CodeIgniter->runController(Object(App\Controllers\QuotationController))
#4 C:\Users\Atik\Desktop\refrens\vendor\codeigniter4\framework\system\CodeIgniter.php(312): CodeIgniter\CodeIgniter->handleRequest(NULL, Object(Config\Cache), false)
#5 C:\Users\Atik\Desktop\refrens\public\index.php(45): CodeIgniter\CodeIgniter->run()
#6 C:\Users\Atik\Desktop\refrens\vendor\codeigniter4\framework\system\Commands\Server\rewrite.php(34): require_once('C:\\Users\\Atik\\D...')
#7 {main}
CRITICAL - 2021-01-10 05:52:16 --> json_decode() expects parameter 1 to be string, array given
#0 [internal function]: CodeIgniter\Debug\Exceptions->errorHandler(2, 'json_decode() e...', 'C:\\Users\\Atik\\D...', 25, Array)
#1 C:\Users\Atik\Desktop\refrens\app\Controllers\QuotationController.php(25): json_decode(Array)
#2 C:\Users\Atik\Desktop\refrens\vendor\codeigniter4\framework\system\CodeIgniter.php(918): App\Controllers\QuotationController->getMyQuotation()
#3 C:\Users\Atik\Desktop\refrens\vendor\codeigniter4\framework\system\CodeIgniter.php(404): CodeIgniter\CodeIgniter->runController(Object(App\Controllers\QuotationController))
#4 C:\Users\Atik\Desktop\refrens\vendor\codeigniter4\framework\system\CodeIgniter.php(312): CodeIgniter\CodeIgniter->handleRequest(NULL, Object(Config\Cache), false)
#5 C:\Users\Atik\Desktop\refrens\public\index.php(45): CodeIgniter\CodeIgniter->run()
#6 C:\Users\Atik\Desktop\refrens\vendor\codeigniter4\framework\system\Commands\Server\rewrite.php(34): require_once('C:\\Users\\Atik\\D...')
#7 {main}
CRITICAL - 2021-01-10 05:52:36 --> json_decode() expects parameter 1 to be string, array given
#0 [internal function]: CodeIgniter\Debug\Exceptions->errorHandler(2, 'json_decode() e...', 'C:\\Users\\Atik\\D...', 25, Array)
#1 C:\Users\Atik\Desktop\refrens\app\Controllers\QuotationController.php(25): json_decode(Array, true)
#2 C:\Users\Atik\Desktop\refrens\vendor\codeigniter4\framework\system\CodeIgniter.php(918): App\Controllers\QuotationController->getMyQuotation()
#3 C:\Users\Atik\Desktop\refrens\vendor\codeigniter4\framework\system\CodeIgniter.php(404): CodeIgniter\CodeIgniter->runController(Object(App\Controllers\QuotationController))
#4 C:\Users\Atik\Desktop\refrens\vendor\codeigniter4\framework\system\CodeIgniter.php(312): CodeIgniter\CodeIgniter->handleRequest(NULL, Object(Config\Cache), false)
#5 C:\Users\Atik\Desktop\refrens\public\index.php(45): CodeIgniter\CodeIgniter->run()
#6 C:\Users\Atik\Desktop\refrens\vendor\codeigniter4\framework\system\Commands\Server\rewrite.php(34): require_once('C:\\Users\\Atik\\D...')
#7 {main}
CRITICAL - 2021-01-10 05:53:27 --> json_decode() expects parameter 1 to be string, object given
#0 [internal function]: CodeIgniter\Debug\Exceptions->errorHandler(2, 'json_decode() e...', 'C:\\Users\\Atik\\D...', 25, Array)
#1 C:\Users\Atik\Desktop\refrens\app\Controllers\QuotationController.php(25): json_decode(Object(stdClass))
#2 C:\Users\Atik\Desktop\refrens\vendor\codeigniter4\framework\system\CodeIgniter.php(918): App\Controllers\QuotationController->getMyQuotation()
#3 C:\Users\Atik\Desktop\refrens\vendor\codeigniter4\framework\system\CodeIgniter.php(404): CodeIgniter\CodeIgniter->runController(Object(App\Controllers\QuotationController))
#4 C:\Users\Atik\Desktop\refrens\vendor\codeigniter4\framework\system\CodeIgniter.php(312): CodeIgniter\CodeIgniter->handleRequest(NULL, Object(Config\Cache), false)
#5 C:\Users\Atik\Desktop\refrens\public\index.php(45): CodeIgniter\CodeIgniter->run()
#6 C:\Users\Atik\Desktop\refrens\vendor\codeigniter4\framework\system\Commands\Server\rewrite.php(34): require_once('C:\\Users\\Atik\\D...')
#7 {main}
CRITICAL - 2021-01-10 05:55:21 --> Cannot use object of type stdClass as array
#0 C:\Users\Atik\Desktop\refrens\vendor\codeigniter4\framework\system\CodeIgniter.php(918): App\Controllers\QuotationController->getMyQuotation()
#1 C:\Users\Atik\Desktop\refrens\vendor\codeigniter4\framework\system\CodeIgniter.php(404): CodeIgniter\CodeIgniter->runController(Object(App\Controllers\QuotationController))
#2 C:\Users\Atik\Desktop\refrens\vendor\codeigniter4\framework\system\CodeIgniter.php(312): CodeIgniter\CodeIgniter->handleRequest(NULL, Object(Config\Cache), false)
#3 C:\Users\Atik\Desktop\refrens\public\index.php(45): CodeIgniter\CodeIgniter->run()
#4 C:\Users\Atik\Desktop\refrens\vendor\codeigniter4\framework\system\Commands\Server\rewrite.php(34): require_once('C:\\Users\\Atik\\D...')
#5 {main}
CRITICAL - 2021-01-10 06:17:18 --> Object of class stdClass could not be converted to string
#0 C:\Users\Atik\Desktop\refrens\vendor\codeigniter4\framework\system\CodeIgniter.php(918): App\Controllers\QuotationController->getMyQuotation()
#1 C:\Users\Atik\Desktop\refrens\vendor\codeigniter4\framework\system\CodeIgniter.php(404): CodeIgniter\CodeIgniter->runController(Object(App\Controllers\QuotationController))
#2 C:\Users\Atik\Desktop\refrens\vendor\codeigniter4\framework\system\CodeIgniter.php(312): CodeIgniter\CodeIgniter->handleRequest(NULL, Object(Config\Cache), false)
#3 C:\Users\Atik\Desktop\refrens\public\index.php(45): CodeIgniter\CodeIgniter->run()
#4 C:\Users\Atik\Desktop\refrens\vendor\codeigniter4\framework\system\Commands\Server\rewrite.php(34): require_once('C:\\Users\\Atik\\D...')
#5 {main}
CRITICAL - 2021-01-10 06:17:57 --> Object of class stdClass could not be converted to string
#0 C:\Users\Atik\Desktop\refrens\vendor\codeigniter4\framework\system\CodeIgniter.php(918): App\Controllers\QuotationController->getMyQuotation()
#1 C:\Users\Atik\Desktop\refrens\vendor\codeigniter4\framework\system\CodeIgniter.php(404): CodeIgniter\CodeIgniter->runController(Object(App\Controllers\QuotationController))
#2 C:\Users\Atik\Desktop\refrens\vendor\codeigniter4\framework\system\CodeIgniter.php(312): CodeIgniter\CodeIgniter->handleRequest(NULL, Object(Config\Cache), false)
#3 C:\Users\Atik\Desktop\refrens\public\index.php(45): CodeIgniter\CodeIgniter->run()
#4 C:\Users\Atik\Desktop\refrens\vendor\codeigniter4\framework\system\Commands\Server\rewrite.php(34): require_once('C:\\Users\\Atik\\D...')
#5 {main}
CRITICAL - 2021-01-10 06:21:18 --> Cannot use object of type stdClass as array
#0 C:\Users\Atik\Desktop\refrens\vendor\codeigniter4\framework\system\CodeIgniter.php(918): App\Controllers\QuotationController->getMyQuotation()
#1 C:\Users\Atik\Desktop\refrens\vendor\codeigniter4\framework\system\CodeIgniter.php(404): CodeIgniter\CodeIgniter->runController(Object(App\Controllers\QuotationController))
#2 C:\Users\Atik\Desktop\refrens\vendor\codeigniter4\framework\system\CodeIgniter.php(312): CodeIgniter\CodeIgniter->handleRequest(NULL, Object(Config\Cache), false)
#3 C:\Users\Atik\Desktop\refrens\public\index.php(45): CodeIgniter\CodeIgniter->run()
#4 C:\Users\Atik\Desktop\refrens\vendor\codeigniter4\framework\system\Commands\Server\rewrite.php(34): require_once('C:\\Users\\Atik\\D...')
#5 {main}
