CRITICAL - 2021-01-11 01:05:57 --> Object of class stdClass could not be converted to string
#0 C:\Users\Atik\Desktop\refrens\vendor\codeigniter4\framework\system\View\View.php(246): include()
#1 C:\Users\Atik\Desktop\refrens\vendor\codeigniter4\framework\system\Common.php(1119): CodeIgniter\View\View->render('home/myquotatio...', Array, true)
#2 C:\Users\Atik\Desktop\refrens\app\Controllers\QuotationController.php(45): view('home/myquotatio...', Array)
#3 C:\Users\Atik\Desktop\refrens\vendor\codeigniter4\framework\system\CodeIgniter.php(918): App\Controllers\QuotationController->my_quotation()
#4 C:\Users\Atik\Desktop\refrens\vendor\codeigniter4\framework\system\CodeIgniter.php(404): CodeIgniter\CodeIgniter->runController(Object(App\Controllers\QuotationController))
#5 C:\Users\Atik\Desktop\refrens\vendor\codeigniter4\framework\system\CodeIgniter.php(312): CodeIgniter\CodeIgniter->handleRequest(NULL, Object(Config\Cache), false)
#6 C:\Users\Atik\Desktop\refrens\public\index.php(45): CodeIgniter\CodeIgniter->run()
#7 C:\Users\Atik\Desktop\refrens\vendor\codeigniter4\framework\system\Commands\Server\rewrite.php(34): require_once('C:\\Users\\Atik\\D...')
#8 {main}
CRITICAL - 2021-01-11 01:19:00 --> Class 'App\Controllers\Quotationmodel' not found
#0 C:\Users\Atik\Desktop\refrens\vendor\codeigniter4\framework\system\CodeIgniter.php(918): App\Controllers\Home->index()
#1 C:\Users\Atik\Desktop\refrens\vendor\codeigniter4\framework\system\CodeIgniter.php(404): CodeIgniter\CodeIgniter->runController(Object(App\Controllers\Home))
#2 C:\Users\Atik\Desktop\refrens\vendor\codeigniter4\framework\system\CodeIgniter.php(312): CodeIgniter\CodeIgniter->handleRequest(NULL, Object(Config\Cache), false)
#3 C:\Users\Atik\Desktop\refrens\public\index.php(45): CodeIgniter\CodeIgniter->run()
#4 C:\Users\Atik\Desktop\refrens\vendor\codeigniter4\framework\system\Commands\Server\rewrite.php(34): require_once('C:\\Users\\Atik\\D...')
#5 {main}
CRITICAL - 2021-01-11 01:19:22 --> You must set the database table to be used with your query.
#0 C:\Users\Atik\Desktop\refrens\vendor\codeigniter4\framework\system\Model.php(1237): CodeIgniter\Database\BaseConnection->table(NULL)
#1 C:\Users\Atik\Desktop\refrens\vendor\codeigniter4\framework\system\Model.php(1816): CodeIgniter\Model->builder()
#2 C:\Users\Atik\Desktop\refrens\app\Controllers\Home.php(11): CodeIgniter\Model->__call('get_quotation_n...', Array)
#3 C:\Users\Atik\Desktop\refrens\vendor\codeigniter4\framework\system\CodeIgniter.php(918): App\Controllers\Home->index()
#4 C:\Users\Atik\Desktop\refrens\vendor\codeigniter4\framework\system\CodeIgniter.php(404): CodeIgniter\CodeIgniter->runController(Object(App\Controllers\Home))
#5 C:\Users\Atik\Desktop\refrens\vendor\codeigniter4\framework\system\CodeIgniter.php(312): CodeIgniter\CodeIgniter->handleRequest(NULL, Object(Config\Cache), false)
#6 C:\Users\Atik\Desktop\refrens\public\index.php(45): CodeIgniter\CodeIgniter->run()
#7 C:\Users\Atik\Desktop\refrens\vendor\codeigniter4\framework\system\Commands\Server\rewrite.php(34): require_once('C:\\Users\\Atik\\D...')
#8 {main}
CRITICAL - 2021-01-11 01:19:49 --> You must set the database table to be used with your query.
#0 C:\Users\Atik\Desktop\refrens\vendor\codeigniter4\framework\system\Model.php(1237): CodeIgniter\Database\BaseConnection->table(NULL)
#1 C:\Users\Atik\Desktop\refrens\vendor\codeigniter4\framework\system\Model.php(1816): CodeIgniter\Model->builder()
#2 C:\Users\Atik\Desktop\refrens\app\Controllers\Home.php(11): CodeIgniter\Model->__call('get_quotation_n...', Array)
#3 C:\Users\Atik\Desktop\refrens\vendor\codeigniter4\framework\system\CodeIgniter.php(918): App\Controllers\Home->index()
#4 C:\Users\Atik\Desktop\refrens\vendor\codeigniter4\framework\system\CodeIgniter.php(404): CodeIgniter\CodeIgniter->runController(Object(App\Controllers\Home))
#5 C:\Users\Atik\Desktop\refrens\vendor\codeigniter4\framework\system\CodeIgniter.php(312): CodeIgniter\CodeIgniter->handleRequest(NULL, Object(Config\Cache), false)
#6 C:\Users\Atik\Desktop\refrens\public\index.php(45): CodeIgniter\CodeIgniter->run()
#7 C:\Users\Atik\Desktop\refrens\vendor\codeigniter4\framework\system\Commands\Server\rewrite.php(34): require_once('C:\\Users\\Atik\\D...')
#8 {main}
CRITICAL - 2021-01-11 01:20:14 --> Call to undefined method CodeIgniter\Database\MySQLi\Builder::getLastRow()
#0 C:\Users\Atik\Desktop\refrens\app\Controllers\Home.php(11): App\Models\Quotationmodel->get_quotation_no()
#1 C:\Users\Atik\Desktop\refrens\vendor\codeigniter4\framework\system\CodeIgniter.php(918): App\Controllers\Home->index()
#2 C:\Users\Atik\Desktop\refrens\vendor\codeigniter4\framework\system\CodeIgniter.php(404): CodeIgniter\CodeIgniter->runController(Object(App\Controllers\Home))
#3 C:\Users\Atik\Desktop\refrens\vendor\codeigniter4\framework\system\CodeIgniter.php(312): CodeIgniter\CodeIgniter->handleRequest(NULL, Object(Config\Cache), false)
#4 C:\Users\Atik\Desktop\refrens\public\index.php(45): CodeIgniter\CodeIgniter->run()
#5 C:\Users\Atik\Desktop\refrens\vendor\codeigniter4\framework\system\Commands\Server\rewrite.php(34): require_once('C:\\Users\\Atik\\D...')
#6 {main}
CRITICAL - 2021-01-11 01:21:16 --> Call to undefined method CodeIgniter\Database\MySQLi\Builder::getLastRow()
#0 C:\Users\Atik\Desktop\refrens\app\Controllers\Home.php(11): App\Models\Quotationmodel->get_quotation_no()
#1 C:\Users\Atik\Desktop\refrens\vendor\codeigniter4\framework\system\CodeIgniter.php(918): App\Controllers\Home->index()
#2 C:\Users\Atik\Desktop\refrens\vendor\codeigniter4\framework\system\CodeIgniter.php(404): CodeIgniter\CodeIgniter->runController(Object(App\Controllers\Home))
#3 C:\Users\Atik\Desktop\refrens\vendor\codeigniter4\framework\system\CodeIgniter.php(312): CodeIgniter\CodeIgniter->handleRequest(NULL, Object(Config\Cache), false)
#4 C:\Users\Atik\Desktop\refrens\public\index.php(45): CodeIgniter\CodeIgniter->run()
#5 C:\Users\Atik\Desktop\refrens\vendor\codeigniter4\framework\system\Commands\Server\rewrite.php(34): require_once('C:\\Users\\Atik\\D...')
#6 {main}
CRITICAL - 2021-01-11 01:27:14 --> Call to a member function query() on null
#0 C:\Users\Atik\Desktop\refrens\app\Controllers\Home.php(11): App\Models\Quotationmodel->get_quotation_no()
#1 C:\Users\Atik\Desktop\refrens\vendor\codeigniter4\framework\system\CodeIgniter.php(918): App\Controllers\Home->index()
#2 C:\Users\Atik\Desktop\refrens\vendor\codeigniter4\framework\system\CodeIgniter.php(404): CodeIgniter\CodeIgniter->runController(Object(App\Controllers\Home))
#3 C:\Users\Atik\Desktop\refrens\vendor\codeigniter4\framework\system\CodeIgniter.php(312): CodeIgniter\CodeIgniter->handleRequest(NULL, Object(Config\Cache), false)
#4 C:\Users\Atik\Desktop\refrens\public\index.php(45): CodeIgniter\CodeIgniter->run()
#5 C:\Users\Atik\Desktop\refrens\vendor\codeigniter4\framework\system\Commands\Server\rewrite.php(34): require_once('C:\\Users\\Atik\\D...')
#6 {main}
CRITICAL - 2021-01-11 01:28:59 --> Call to a member function query() on null
#0 C:\Users\Atik\Desktop\refrens\app\Controllers\Home.php(11): App\Models\Quotationmodel->get_quotation_no()
#1 C:\Users\Atik\Desktop\refrens\vendor\codeigniter4\framework\system\CodeIgniter.php(918): App\Controllers\Home->index()
#2 C:\Users\Atik\Desktop\refrens\vendor\codeigniter4\framework\system\CodeIgniter.php(404): CodeIgniter\CodeIgniter->runController(Object(App\Controllers\Home))
#3 C:\Users\Atik\Desktop\refrens\vendor\codeigniter4\framework\system\CodeIgniter.php(312): CodeIgniter\CodeIgniter->handleRequest(NULL, Object(Config\Cache), false)
#4 C:\Users\Atik\Desktop\refrens\public\index.php(45): CodeIgniter\CodeIgniter->run()
#5 C:\Users\Atik\Desktop\refrens\vendor\codeigniter4\framework\system\Commands\Server\rewrite.php(34): require_once('C:\\Users\\Atik\\D...')
#6 {main}
CRITICAL - 2021-01-11 01:31:13 --> Call to a member function query() on null
#0 C:\Users\Atik\Desktop\refrens\app\Controllers\Home.php(11): App\Models\Quotationmodel->get_quotation_no()
#1 C:\Users\Atik\Desktop\refrens\vendor\codeigniter4\framework\system\CodeIgniter.php(918): App\Controllers\Home->index()
#2 C:\Users\Atik\Desktop\refrens\vendor\codeigniter4\framework\system\CodeIgniter.php(404): CodeIgniter\CodeIgniter->runController(Object(App\Controllers\Home))
#3 C:\Users\Atik\Desktop\refrens\vendor\codeigniter4\framework\system\CodeIgniter.php(312): CodeIgniter\CodeIgniter->handleRequest(NULL, Object(Config\Cache), false)
#4 C:\Users\Atik\Desktop\refrens\public\index.php(45): CodeIgniter\CodeIgniter->run()
#5 C:\Users\Atik\Desktop\refrens\vendor\codeigniter4\framework\system\Commands\Server\rewrite.php(34): require_once('C:\\Users\\Atik\\D...')
#6 {main}
CRITICAL - 2021-01-11 01:34:39 --> Call to a member function query() on null
#0 C:\Users\Atik\Desktop\refrens\app\Controllers\Home.php(11): App\Models\Quotationmodel->get_quotation_no()
#1 C:\Users\Atik\Desktop\refrens\vendor\codeigniter4\framework\system\CodeIgniter.php(918): App\Controllers\Home->index()
#2 C:\Users\Atik\Desktop\refrens\vendor\codeigniter4\framework\system\CodeIgniter.php(404): CodeIgniter\CodeIgniter->runController(Object(App\Controllers\Home))
#3 C:\Users\Atik\Desktop\refrens\vendor\codeigniter4\framework\system\CodeIgniter.php(312): CodeIgniter\CodeIgniter->handleRequest(NULL, Object(Config\Cache), false)
#4 C:\Users\Atik\Desktop\refrens\public\index.php(45): CodeIgniter\CodeIgniter->run()
#5 C:\Users\Atik\Desktop\refrens\vendor\codeigniter4\framework\system\Commands\Server\rewrite.php(34): require_once('C:\\Users\\Atik\\D...')
#6 {main}
CRITICAL - 2021-01-11 01:36:53 --> Object of class CodeIgniter\Database\MySQLi\Result could not be converted to string
#0 C:\Users\Atik\Desktop\refrens\vendor\codeigniter4\framework\system\CodeIgniter.php(918): App\Controllers\Home->index()
#1 C:\Users\Atik\Desktop\refrens\vendor\codeigniter4\framework\system\CodeIgniter.php(404): CodeIgniter\CodeIgniter->runController(Object(App\Controllers\Home))
#2 C:\Users\Atik\Desktop\refrens\vendor\codeigniter4\framework\system\CodeIgniter.php(312): CodeIgniter\CodeIgniter->handleRequest(NULL, Object(Config\Cache), false)
#3 C:\Users\Atik\Desktop\refrens\public\index.php(45): CodeIgniter\CodeIgniter->run()
#4 C:\Users\Atik\Desktop\refrens\vendor\codeigniter4\framework\system\Commands\Server\rewrite.php(34): require_once('C:\\Users\\Atik\\D...')
#5 {main}
CRITICAL - 2021-01-11 01:40:30 --> Object of class stdClass could not be converted to string
#0 C:\Users\Atik\Desktop\refrens\vendor\codeigniter4\framework\system\CodeIgniter.php(918): App\Controllers\Home->index()
#1 C:\Users\Atik\Desktop\refrens\vendor\codeigniter4\framework\system\CodeIgniter.php(404): CodeIgniter\CodeIgniter->runController(Object(App\Controllers\Home))
#2 C:\Users\Atik\Desktop\refrens\vendor\codeigniter4\framework\system\CodeIgniter.php(312): CodeIgniter\CodeIgniter->handleRequest(NULL, Object(Config\Cache), false)
#3 C:\Users\Atik\Desktop\refrens\public\index.php(45): CodeIgniter\CodeIgniter->run()
#4 C:\Users\Atik\Desktop\refrens\vendor\codeigniter4\framework\system\Commands\Server\rewrite.php(34): require_once('C:\\Users\\Atik\\D...')
#5 {main}
CRITICAL - 2021-01-11 01:40:46 --> Cannot use object of type stdClass as array
#0 C:\Users\Atik\Desktop\refrens\vendor\codeigniter4\framework\system\CodeIgniter.php(918): App\Controllers\Home->index()
#1 C:\Users\Atik\Desktop\refrens\vendor\codeigniter4\framework\system\CodeIgniter.php(404): CodeIgniter\CodeIgniter->runController(Object(App\Controllers\Home))
#2 C:\Users\Atik\Desktop\refrens\vendor\codeigniter4\framework\system\CodeIgniter.php(312): CodeIgniter\CodeIgniter->handleRequest(NULL, Object(Config\Cache), false)
#3 C:\Users\Atik\Desktop\refrens\public\index.php(45): CodeIgniter\CodeIgniter->run()
#4 C:\Users\Atik\Desktop\refrens\vendor\codeigniter4\framework\system\Commands\Server\rewrite.php(34): require_once('C:\\Users\\Atik\\D...')
#5 {main}
CRITICAL - 2021-01-11 01:50:05 --> Object of class stdClass could not be converted to string
#0 C:\Users\Atik\Desktop\refrens\vendor\codeigniter4\framework\system\CodeIgniter.php(918): App\Controllers\Home->index()
#1 C:\Users\Atik\Desktop\refrens\vendor\codeigniter4\framework\system\CodeIgniter.php(404): CodeIgniter\CodeIgniter->runController(Object(App\Controllers\Home))
#2 C:\Users\Atik\Desktop\refrens\vendor\codeigniter4\framework\system\CodeIgniter.php(312): CodeIgniter\CodeIgniter->handleRequest(NULL, Object(Config\Cache), false)
#3 C:\Users\Atik\Desktop\refrens\public\index.php(45): CodeIgniter\CodeIgniter->run()
#4 C:\Users\Atik\Desktop\refrens\vendor\codeigniter4\framework\system\Commands\Server\rewrite.php(34): require_once('C:\\Users\\Atik\\D...')
#5 {main}
CRITICAL - 2021-01-11 02:00:35 --> A non-numeric value encountered
#0 C:\Users\Atik\Desktop\refrens\app\Controllers\Home.php(13): CodeIgniter\Debug\Exceptions->errorHandler(2, 'A non-numeric v...', 'C:\\Users\\Atik\\D...', 13, Array)
#1 C:\Users\Atik\Desktop\refrens\vendor\codeigniter4\framework\system\CodeIgniter.php(918): App\Controllers\Home->index()
#2 C:\Users\Atik\Desktop\refrens\vendor\codeigniter4\framework\system\CodeIgniter.php(404): CodeIgniter\CodeIgniter->runController(Object(App\Controllers\Home))
#3 C:\Users\Atik\Desktop\refrens\vendor\codeigniter4\framework\system\CodeIgniter.php(312): CodeIgniter\CodeIgniter->handleRequest(NULL, Object(Config\Cache), false)
#4 C:\Users\Atik\Desktop\refrens\public\index.php(45): CodeIgniter\CodeIgniter->run()
#5 C:\Users\Atik\Desktop\refrens\vendor\codeigniter4\framework\system\Commands\Server\rewrite.php(34): require_once('C:\\Users\\Atik\\D...')
#6 {main}
CRITICAL - 2021-01-11 02:01:15 --> Argument 2 passed to view() must be of the type array, int given, called in C:\Users\Atik\Desktop\refrens\app\Controllers\Home.php on line 15
#0 C:\Users\Atik\Desktop\refrens\app\Controllers\Home.php(15): view('home/index', 38)
#1 C:\Users\Atik\Desktop\refrens\vendor\codeigniter4\framework\system\CodeIgniter.php(918): App\Controllers\Home->index()
#2 C:\Users\Atik\Desktop\refrens\vendor\codeigniter4\framework\system\CodeIgniter.php(404): CodeIgniter\CodeIgniter->runController(Object(App\Controllers\Home))
#3 C:\Users\Atik\Desktop\refrens\vendor\codeigniter4\framework\system\CodeIgniter.php(312): CodeIgniter\CodeIgniter->handleRequest(NULL, Object(Config\Cache), false)
#4 C:\Users\Atik\Desktop\refrens\public\index.php(45): CodeIgniter\CodeIgniter->run()
#5 C:\Users\Atik\Desktop\refrens\vendor\codeigniter4\framework\system\Commands\Server\rewrite.php(34): require_once('C:\\Users\\Atik\\D...')
#6 {main}
CRITICAL - 2021-01-11 02:03:40 --> Argument 2 passed to view() must be of the type array, string given, called in C:\Users\Atik\Desktop\refrens\app\Controllers\Home.php on line 15
#0 C:\Users\Atik\Desktop\refrens\app\Controllers\Home.php(15): view('home/index', '38')
#1 C:\Users\Atik\Desktop\refrens\vendor\codeigniter4\framework\system\CodeIgniter.php(918): App\Controllers\Home->index()
#2 C:\Users\Atik\Desktop\refrens\vendor\codeigniter4\framework\system\CodeIgniter.php(404): CodeIgniter\CodeIgniter->runController(Object(App\Controllers\Home))
#3 C:\Users\Atik\Desktop\refrens\vendor\codeigniter4\framework\system\CodeIgniter.php(312): CodeIgniter\CodeIgniter->handleRequest(NULL, Object(Config\Cache), false)
#4 C:\Users\Atik\Desktop\refrens\public\index.php(45): CodeIgniter\CodeIgniter->run()
#5 C:\Users\Atik\Desktop\refrens\vendor\codeigniter4\framework\system\Commands\Server\rewrite.php(34): require_once('C:\\Users\\Atik\\D...')
#6 {main}
CRITICAL - 2021-01-11 02:04:04 --> Cannot use a scalar value as an array
#0 C:\Users\Atik\Desktop\refrens\app\Controllers\Home.php(13): CodeIgniter\Debug\Exceptions->errorHandler(2, 'Cannot use a sc...', 'C:\\Users\\Atik\\D...', 13, Array)
#1 C:\Users\Atik\Desktop\refrens\vendor\codeigniter4\framework\system\CodeIgniter.php(918): App\Controllers\Home->index()
#2 C:\Users\Atik\Desktop\refrens\vendor\codeigniter4\framework\system\CodeIgniter.php(404): CodeIgniter\CodeIgniter->runController(Object(App\Controllers\Home))
#3 C:\Users\Atik\Desktop\refrens\vendor\codeigniter4\framework\system\CodeIgniter.php(312): CodeIgniter\CodeIgniter->handleRequest(NULL, Object(Config\Cache), false)
#4 C:\Users\Atik\Desktop\refrens\public\index.php(45): CodeIgniter\CodeIgniter->run()
#5 C:\Users\Atik\Desktop\refrens\vendor\codeigniter4\framework\system\Commands\Server\rewrite.php(34): require_once('C:\\Users\\Atik\\D...')
#6 {main}
CRITICAL - 2021-01-11 02:04:45 --> Cannot use a scalar value as an array
#0 C:\Users\Atik\Desktop\refrens\app\Controllers\Home.php(13): CodeIgniter\Debug\Exceptions->errorHandler(2, 'Cannot use a sc...', 'C:\\Users\\Atik\\D...', 13, Array)
#1 C:\Users\Atik\Desktop\refrens\vendor\codeigniter4\framework\system\CodeIgniter.php(918): App\Controllers\Home->index()
#2 C:\Users\Atik\Desktop\refrens\vendor\codeigniter4\framework\system\CodeIgniter.php(404): CodeIgniter\CodeIgniter->runController(Object(App\Controllers\Home))
#3 C:\Users\Atik\Desktop\refrens\vendor\codeigniter4\framework\system\CodeIgniter.php(312): CodeIgniter\CodeIgniter->handleRequest(NULL, Object(Config\Cache), false)
#4 C:\Users\Atik\Desktop\refrens\public\index.php(45): CodeIgniter\CodeIgniter->run()
#5 C:\Users\Atik\Desktop\refrens\vendor\codeigniter4\framework\system\Commands\Server\rewrite.php(34): require_once('C:\\Users\\Atik\\D...')
#6 {main}
CRITICAL - 2021-01-11 02:04:57 --> Argument 2 passed to view() must be of the type array, int given, called in C:\Users\Atik\Desktop\refrens\app\Controllers\Home.php on line 15
#0 C:\Users\Atik\Desktop\refrens\app\Controllers\Home.php(15): view('home/index', 37)
#1 C:\Users\Atik\Desktop\refrens\vendor\codeigniter4\framework\system\CodeIgniter.php(918): App\Controllers\Home->index()
#2 C:\Users\Atik\Desktop\refrens\vendor\codeigniter4\framework\system\CodeIgniter.php(404): CodeIgniter\CodeIgniter->runController(Object(App\Controllers\Home))
#3 C:\Users\Atik\Desktop\refrens\vendor\codeigniter4\framework\system\CodeIgniter.php(312): CodeIgniter\CodeIgniter->handleRequest(NULL, Object(Config\Cache), false)
#4 C:\Users\Atik\Desktop\refrens\public\index.php(45): CodeIgniter\CodeIgniter->run()
#5 C:\Users\Atik\Desktop\refrens\vendor\codeigniter4\framework\system\Commands\Server\rewrite.php(34): require_once('C:\\Users\\Atik\\D...')
#6 {main}
CRITICAL - 2021-01-11 02:05:17 --> Cannot use a scalar value as an array
#0 C:\Users\Atik\Desktop\refrens\app\Controllers\Home.php(13): CodeIgniter\Debug\Exceptions->errorHandler(2, 'Cannot use a sc...', 'C:\\Users\\Atik\\D...', 13, Array)
#1 C:\Users\Atik\Desktop\refrens\vendor\codeigniter4\framework\system\CodeIgniter.php(918): App\Controllers\Home->index()
#2 C:\Users\Atik\Desktop\refrens\vendor\codeigniter4\framework\system\CodeIgniter.php(404): CodeIgniter\CodeIgniter->runController(Object(App\Controllers\Home))
#3 C:\Users\Atik\Desktop\refrens\vendor\codeigniter4\framework\system\CodeIgniter.php(312): CodeIgniter\CodeIgniter->handleRequest(NULL, Object(Config\Cache), false)
#4 C:\Users\Atik\Desktop\refrens\public\index.php(45): CodeIgniter\CodeIgniter->run()
#5 C:\Users\Atik\Desktop\refrens\vendor\codeigniter4\framework\system\Commands\Server\rewrite.php(34): require_once('C:\\Users\\Atik\\D...')
#6 {main}
CRITICAL - 2021-01-11 02:05:57 --> Cannot use a scalar value as an array
#0 C:\Users\Atik\Desktop\refrens\app\Controllers\Home.php(13): CodeIgniter\Debug\Exceptions->errorHandler(2, 'Cannot use a sc...', 'C:\\Users\\Atik\\D...', 13, Array)
#1 C:\Users\Atik\Desktop\refrens\vendor\codeigniter4\framework\system\CodeIgniter.php(918): App\Controllers\Home->index()
#2 C:\Users\Atik\Desktop\refrens\vendor\codeigniter4\framework\system\CodeIgniter.php(404): CodeIgniter\CodeIgniter->runController(Object(App\Controllers\Home))
#3 C:\Users\Atik\Desktop\refrens\vendor\codeigniter4\framework\system\CodeIgniter.php(312): CodeIgniter\CodeIgniter->handleRequest(NULL, Object(Config\Cache), false)
#4 C:\Users\Atik\Desktop\refrens\public\index.php(45): CodeIgniter\CodeIgniter->run()
#5 C:\Users\Atik\Desktop\refrens\vendor\codeigniter4\framework\system\Commands\Server\rewrite.php(34): require_once('C:\\Users\\Atik\\D...')
#6 {main}
CRITICAL - 2021-01-11 02:06:09 --> Cannot use a scalar value as an array
#0 C:\Users\Atik\Desktop\refrens\app\Controllers\Home.php(13): CodeIgniter\Debug\Exceptions->errorHandler(2, 'Cannot use a sc...', 'C:\\Users\\Atik\\D...', 13, Array)
#1 C:\Users\Atik\Desktop\refrens\vendor\codeigniter4\framework\system\CodeIgniter.php(918): App\Controllers\Home->index()
#2 C:\Users\Atik\Desktop\refrens\vendor\codeigniter4\framework\system\CodeIgniter.php(404): CodeIgniter\CodeIgniter->runController(Object(App\Controllers\Home))
#3 C:\Users\Atik\Desktop\refrens\vendor\codeigniter4\framework\system\CodeIgniter.php(312): CodeIgniter\CodeIgniter->handleRequest(NULL, Object(Config\Cache), false)
#4 C:\Users\Atik\Desktop\refrens\public\index.php(45): CodeIgniter\CodeIgniter->run()
#5 C:\Users\Atik\Desktop\refrens\vendor\codeigniter4\framework\system\Commands\Server\rewrite.php(34): require_once('C:\\Users\\Atik\\D...')
#6 {main}
CRITICAL - 2021-01-11 02:06:59 --> Cannot use a scalar value as an array
#0 C:\Users\Atik\Desktop\refrens\app\Controllers\Home.php(13): CodeIgniter\Debug\Exceptions->errorHandler(2, 'Cannot use a sc...', 'C:\\Users\\Atik\\D...', 13, Array)
#1 C:\Users\Atik\Desktop\refrens\vendor\codeigniter4\framework\system\CodeIgniter.php(918): App\Controllers\Home->index()
#2 C:\Users\Atik\Desktop\refrens\vendor\codeigniter4\framework\system\CodeIgniter.php(404): CodeIgniter\CodeIgniter->runController(Object(App\Controllers\Home))
#3 C:\Users\Atik\Desktop\refrens\vendor\codeigniter4\framework\system\CodeIgniter.php(312): CodeIgniter\CodeIgniter->handleRequest(NULL, Object(Config\Cache), false)
#4 C:\Users\Atik\Desktop\refrens\public\index.php(45): CodeIgniter\CodeIgniter->run()
#5 C:\Users\Atik\Desktop\refrens\vendor\codeigniter4\framework\system\Commands\Server\rewrite.php(34): require_once('C:\\Users\\Atik\\D...')
#6 {main}
CRITICAL - 2021-01-11 02:07:09 --> Cannot use a scalar value as an array
#0 C:\Users\Atik\Desktop\refrens\app\Controllers\Home.php(13): CodeIgniter\Debug\Exceptions->errorHandler(2, 'Cannot use a sc...', 'C:\\Users\\Atik\\D...', 13, Array)
#1 C:\Users\Atik\Desktop\refrens\vendor\codeigniter4\framework\system\CodeIgniter.php(918): App\Controllers\Home->index()
#2 C:\Users\Atik\Desktop\refrens\vendor\codeigniter4\framework\system\CodeIgniter.php(404): CodeIgniter\CodeIgniter->runController(Object(App\Controllers\Home))
#3 C:\Users\Atik\Desktop\refrens\vendor\codeigniter4\framework\system\CodeIgniter.php(312): CodeIgniter\CodeIgniter->handleRequest(NULL, Object(Config\Cache), false)
#4 C:\Users\Atik\Desktop\refrens\public\index.php(45): CodeIgniter\CodeIgniter->run()
#5 C:\Users\Atik\Desktop\refrens\vendor\codeigniter4\framework\system\Commands\Server\rewrite.php(34): require_once('C:\\Users\\Atik\\D...')
#6 {main}
CRITICAL - 2021-01-11 02:07:10 --> Cannot use a scalar value as an array
#0 C:\Users\Atik\Desktop\refrens\app\Controllers\Home.php(13): CodeIgniter\Debug\Exceptions->errorHandler(2, 'Cannot use a sc...', 'C:\\Users\\Atik\\D...', 13, Array)
#1 C:\Users\Atik\Desktop\refrens\vendor\codeigniter4\framework\system\CodeIgniter.php(918): App\Controllers\Home->index()
#2 C:\Users\Atik\Desktop\refrens\vendor\codeigniter4\framework\system\CodeIgniter.php(404): CodeIgniter\CodeIgniter->runController(Object(App\Controllers\Home))
#3 C:\Users\Atik\Desktop\refrens\vendor\codeigniter4\framework\system\CodeIgniter.php(312): CodeIgniter\CodeIgniter->handleRequest(NULL, Object(Config\Cache), false)
#4 C:\Users\Atik\Desktop\refrens\public\index.php(45): CodeIgniter\CodeIgniter->run()
#5 C:\Users\Atik\Desktop\refrens\vendor\codeigniter4\framework\system\Commands\Server\rewrite.php(34): require_once('C:\\Users\\Atik\\D...')
#6 {main}
CRITICAL - 2021-01-11 02:07:20 --> Cannot use a scalar value as an array
#0 C:\Users\Atik\Desktop\refrens\app\Controllers\Home.php(13): CodeIgniter\Debug\Exceptions->errorHandler(2, 'Cannot use a sc...', 'C:\\Users\\Atik\\D...', 13, Array)
#1 C:\Users\Atik\Desktop\refrens\vendor\codeigniter4\framework\system\CodeIgniter.php(918): App\Controllers\Home->index()
#2 C:\Users\Atik\Desktop\refrens\vendor\codeigniter4\framework\system\CodeIgniter.php(404): CodeIgniter\CodeIgniter->runController(Object(App\Controllers\Home))
#3 C:\Users\Atik\Desktop\refrens\vendor\codeigniter4\framework\system\CodeIgniter.php(312): CodeIgniter\CodeIgniter->handleRequest(NULL, Object(Config\Cache), false)
#4 C:\Users\Atik\Desktop\refrens\public\index.php(45): CodeIgniter\CodeIgniter->run()
#5 C:\Users\Atik\Desktop\refrens\vendor\codeigniter4\framework\system\Commands\Server\rewrite.php(34): require_once('C:\\Users\\Atik\\D...')
#6 {main}
CRITICAL - 2021-01-11 02:07:21 --> Cannot use a scalar value as an array
#0 C:\Users\Atik\Desktop\refrens\app\Controllers\Home.php(13): CodeIgniter\Debug\Exceptions->errorHandler(2, 'Cannot use a sc...', 'C:\\Users\\Atik\\D...', 13, Array)
#1 C:\Users\Atik\Desktop\refrens\vendor\codeigniter4\framework\system\CodeIgniter.php(918): App\Controllers\Home->index()
#2 C:\Users\Atik\Desktop\refrens\vendor\codeigniter4\framework\system\CodeIgniter.php(404): CodeIgniter\CodeIgniter->runController(Object(App\Controllers\Home))
#3 C:\Users\Atik\Desktop\refrens\vendor\codeigniter4\framework\system\CodeIgniter.php(312): CodeIgniter\CodeIgniter->handleRequest(NULL, Object(Config\Cache), false)
#4 C:\Users\Atik\Desktop\refrens\public\index.php(45): CodeIgniter\CodeIgniter->run()
#5 C:\Users\Atik\Desktop\refrens\vendor\codeigniter4\framework\system\Commands\Server\rewrite.php(34): require_once('C:\\Users\\Atik\\D...')
#6 {main}
CRITICAL - 2021-01-11 02:31:54 --> Object of class stdClass could not be converted to string
#0 C:\Users\Atik\Desktop\refrens\vendor\codeigniter4\framework\system\CodeIgniter.php(918): App\Controllers\QuotationController->my_quotation()
#1 C:\Users\Atik\Desktop\refrens\vendor\codeigniter4\framework\system\CodeIgniter.php(404): CodeIgniter\CodeIgniter->runController(Object(App\Controllers\QuotationController))
#2 C:\Users\Atik\Desktop\refrens\vendor\codeigniter4\framework\system\CodeIgniter.php(312): CodeIgniter\CodeIgniter->handleRequest(NULL, Object(Config\Cache), false)
#3 C:\Users\Atik\Desktop\refrens\public\index.php(45): CodeIgniter\CodeIgniter->run()
#4 C:\Users\Atik\Desktop\refrens\vendor\codeigniter4\framework\system\Commands\Server\rewrite.php(34): require_once('C:\\Users\\Atik\\D...')
#5 {main}
CRITICAL - 2021-01-11 02:32:05 --> Object of class stdClass could not be converted to string
#0 C:\Users\Atik\Desktop\refrens\vendor\codeigniter4\framework\system\CodeIgniter.php(918): App\Controllers\QuotationController->my_quotation()
#1 C:\Users\Atik\Desktop\refrens\vendor\codeigniter4\framework\system\CodeIgniter.php(404): CodeIgniter\CodeIgniter->runController(Object(App\Controllers\QuotationController))
#2 C:\Users\Atik\Desktop\refrens\vendor\codeigniter4\framework\system\CodeIgniter.php(312): CodeIgniter\CodeIgniter->handleRequest(NULL, Object(Config\Cache), false)
#3 C:\Users\Atik\Desktop\refrens\public\index.php(45): CodeIgniter\CodeIgniter->run()
#4 C:\Users\Atik\Desktop\refrens\vendor\codeigniter4\framework\system\Commands\Server\rewrite.php(34): require_once('C:\\Users\\Atik\\D...')
#5 {main}
CRITICAL - 2021-01-11 02:33:46 --> Invalid argument supplied for foreach()
#0 C:\Users\Atik\Desktop\refrens\app\Controllers\QuotationController.php(46): CodeIgniter\Debug\Exceptions->errorHandler(2, 'Invalid argumen...', 'C:\\Users\\Atik\\D...', 46, Array)
#1 C:\Users\Atik\Desktop\refrens\vendor\codeigniter4\framework\system\CodeIgniter.php(918): App\Controllers\QuotationController->my_quotation()
#2 C:\Users\Atik\Desktop\refrens\vendor\codeigniter4\framework\system\CodeIgniter.php(404): CodeIgniter\CodeIgniter->runController(Object(App\Controllers\QuotationController))
#3 C:\Users\Atik\Desktop\refrens\vendor\codeigniter4\framework\system\CodeIgniter.php(312): CodeIgniter\CodeIgniter->handleRequest(NULL, Object(Config\Cache), false)
#4 C:\Users\Atik\Desktop\refrens\public\index.php(45): CodeIgniter\CodeIgniter->run()
#5 C:\Users\Atik\Desktop\refrens\vendor\codeigniter4\framework\system\Commands\Server\rewrite.php(34): require_once('C:\\Users\\Atik\\D...')
#6 {main}
CRITICAL - 2021-01-11 02:42:34 --> Invalid argument supplied for foreach()
#0 C:\Users\Atik\Desktop\refrens\app\Controllers\QuotationController.php(45): CodeIgniter\Debug\Exceptions->errorHandler(2, 'Invalid argumen...', 'C:\\Users\\Atik\\D...', 45, Array)
#1 C:\Users\Atik\Desktop\refrens\vendor\codeigniter4\framework\system\CodeIgniter.php(918): App\Controllers\QuotationController->my_quotation()
#2 C:\Users\Atik\Desktop\refrens\vendor\codeigniter4\framework\system\CodeIgniter.php(404): CodeIgniter\CodeIgniter->runController(Object(App\Controllers\QuotationController))
#3 C:\Users\Atik\Desktop\refrens\vendor\codeigniter4\framework\system\CodeIgniter.php(312): CodeIgniter\CodeIgniter->handleRequest(NULL, Object(Config\Cache), false)
#4 C:\Users\Atik\Desktop\refrens\public\index.php(45): CodeIgniter\CodeIgniter->run()
#5 C:\Users\Atik\Desktop\refrens\vendor\codeigniter4\framework\system\Commands\Server\rewrite.php(34): require_once('C:\\Users\\Atik\\D...')
#6 {main}
CRITICAL - 2021-01-11 02:45:42 --> Object of class stdClass could not be converted to string
#0 C:\Users\Atik\Desktop\refrens\vendor\codeigniter4\framework\system\CodeIgniter.php(918): App\Controllers\QuotationController->my_quotation()
#1 C:\Users\Atik\Desktop\refrens\vendor\codeigniter4\framework\system\CodeIgniter.php(404): CodeIgniter\CodeIgniter->runController(Object(App\Controllers\QuotationController))
#2 C:\Users\Atik\Desktop\refrens\vendor\codeigniter4\framework\system\CodeIgniter.php(312): CodeIgniter\CodeIgniter->handleRequest(NULL, Object(Config\Cache), false)
#3 C:\Users\Atik\Desktop\refrens\public\index.php(45): CodeIgniter\CodeIgniter->run()
#4 C:\Users\Atik\Desktop\refrens\vendor\codeigniter4\framework\system\Commands\Server\rewrite.php(34): require_once('C:\\Users\\Atik\\D...')
#5 {main}
CRITICAL - 2021-01-11 02:47:18 --> Object of class stdClass could not be converted to string
#0 C:\Users\Atik\Desktop\refrens\vendor\codeigniter4\framework\system\CodeIgniter.php(918): App\Controllers\QuotationController->my_quotation()
#1 C:\Users\Atik\Desktop\refrens\vendor\codeigniter4\framework\system\CodeIgniter.php(404): CodeIgniter\CodeIgniter->runController(Object(App\Controllers\QuotationController))
#2 C:\Users\Atik\Desktop\refrens\vendor\codeigniter4\framework\system\CodeIgniter.php(312): CodeIgniter\CodeIgniter->handleRequest(NULL, Object(Config\Cache), false)
#3 C:\Users\Atik\Desktop\refrens\public\index.php(45): CodeIgniter\CodeIgniter->run()
#4 C:\Users\Atik\Desktop\refrens\vendor\codeigniter4\framework\system\Commands\Server\rewrite.php(34): require_once('C:\\Users\\Atik\\D...')
#5 {main}
CRITICAL - 2021-01-11 02:51:35 --> Invalid argument supplied for foreach()
#0 C:\Users\Atik\Desktop\refrens\app\Views\home\myquotation.php(79): CodeIgniter\Debug\Exceptions->errorHandler(2, 'Invalid argumen...', 'C:\\Users\\Atik\\D...', 79, Array)
#1 C:\Users\Atik\Desktop\refrens\vendor\codeigniter4\framework\system\View\View.php(246): include('C:\\Users\\Atik\\D...')
#2 C:\Users\Atik\Desktop\refrens\vendor\codeigniter4\framework\system\Common.php(1119): CodeIgniter\View\View->render('home/myquotatio...', Array, true)
#3 C:\Users\Atik\Desktop\refrens\app\Controllers\QuotationController.php(52): view('home/myquotatio...', Array)
#4 C:\Users\Atik\Desktop\refrens\vendor\codeigniter4\framework\system\CodeIgniter.php(918): App\Controllers\QuotationController->my_quotation()
#5 C:\Users\Atik\Desktop\refrens\vendor\codeigniter4\framework\system\CodeIgniter.php(404): CodeIgniter\CodeIgniter->runController(Object(App\Controllers\QuotationController))
#6 C:\Users\Atik\Desktop\refrens\vendor\codeigniter4\framework\system\CodeIgniter.php(312): CodeIgniter\CodeIgniter->handleRequest(NULL, Object(Config\Cache), false)
#7 C:\Users\Atik\Desktop\refrens\public\index.php(45): CodeIgniter\CodeIgniter->run()
#8 C:\Users\Atik\Desktop\refrens\vendor\codeigniter4\framework\system\Commands\Server\rewrite.php(34): require_once('C:\\Users\\Atik\\D...')
#9 {main}
CRITICAL - 2021-01-11 02:52:00 --> Invalid argument supplied for foreach()
#0 C:\Users\Atik\Desktop\refrens\app\Views\home\myquotation.php(79): CodeIgniter\Debug\Exceptions->errorHandler(2, 'Invalid argumen...', 'C:\\Users\\Atik\\D...', 79, Array)
#1 C:\Users\Atik\Desktop\refrens\vendor\codeigniter4\framework\system\View\View.php(246): include('C:\\Users\\Atik\\D...')
#2 C:\Users\Atik\Desktop\refrens\vendor\codeigniter4\framework\system\Common.php(1119): CodeIgniter\View\View->render('home/myquotatio...', Array, true)
#3 C:\Users\Atik\Desktop\refrens\app\Controllers\QuotationController.php(52): view('home/myquotatio...', Array)
#4 C:\Users\Atik\Desktop\refrens\vendor\codeigniter4\framework\system\CodeIgniter.php(918): App\Controllers\QuotationController->my_quotation()
#5 C:\Users\Atik\Desktop\refrens\vendor\codeigniter4\framework\system\CodeIgniter.php(404): CodeIgniter\CodeIgniter->runController(Object(App\Controllers\QuotationController))
#6 C:\Users\Atik\Desktop\refrens\vendor\codeigniter4\framework\system\CodeIgniter.php(312): CodeIgniter\CodeIgniter->handleRequest(NULL, Object(Config\Cache), false)
#7 C:\Users\Atik\Desktop\refrens\public\index.php(45): CodeIgniter\CodeIgniter->run()
#8 C:\Users\Atik\Desktop\refrens\vendor\codeigniter4\framework\system\Commands\Server\rewrite.php(34): require_once('C:\\Users\\Atik\\D...')
#9 {main}
CRITICAL - 2021-01-11 02:55:35 --> Object of class stdClass could not be converted to string
#0 C:\Users\Atik\Desktop\refrens\vendor\codeigniter4\framework\system\View\View.php(246): include()
#1 C:\Users\Atik\Desktop\refrens\vendor\codeigniter4\framework\system\Common.php(1119): CodeIgniter\View\View->render('home/myquotatio...', Array, true)
#2 C:\Users\Atik\Desktop\refrens\app\Controllers\QuotationController.php(52): view('home/myquotatio...', Array)
#3 C:\Users\Atik\Desktop\refrens\vendor\codeigniter4\framework\system\CodeIgniter.php(918): App\Controllers\QuotationController->my_quotation()
#4 C:\Users\Atik\Desktop\refrens\vendor\codeigniter4\framework\system\CodeIgniter.php(404): CodeIgniter\CodeIgniter->runController(Object(App\Controllers\QuotationController))
#5 C:\Users\Atik\Desktop\refrens\vendor\codeigniter4\framework\system\CodeIgniter.php(312): CodeIgniter\CodeIgniter->handleRequest(NULL, Object(Config\Cache), false)
#6 C:\Users\Atik\Desktop\refrens\public\index.php(45): CodeIgniter\CodeIgniter->run()
#7 C:\Users\Atik\Desktop\refrens\vendor\codeigniter4\framework\system\Commands\Server\rewrite.php(34): require_once('C:\\Users\\Atik\\D...')
#8 {main}
CRITICAL - 2021-01-11 02:55:55 --> json_decode() expects parameter 1 to be string, object given
#0 [internal function]: CodeIgniter\Debug\Exceptions->errorHandler(2, 'json_decode() e...', 'C:\\Users\\Atik\\D...', 80, Array)
#1 C:\Users\Atik\Desktop\refrens\app\Views\home\myquotation.php(80): json_decode(Object(stdClass))
#2 C:\Users\Atik\Desktop\refrens\vendor\codeigniter4\framework\system\View\View.php(246): include('C:\\Users\\Atik\\D...')
#3 C:\Users\Atik\Desktop\refrens\vendor\codeigniter4\framework\system\Common.php(1119): CodeIgniter\View\View->render('home/myquotatio...', Array, true)
#4 C:\Users\Atik\Desktop\refrens\app\Controllers\QuotationController.php(52): view('home/myquotatio...', Array)
#5 C:\Users\Atik\Desktop\refrens\vendor\codeigniter4\framework\system\CodeIgniter.php(918): App\Controllers\QuotationController->my_quotation()
#6 C:\Users\Atik\Desktop\refrens\vendor\codeigniter4\framework\system\CodeIgniter.php(404): CodeIgniter\CodeIgniter->runController(Object(App\Controllers\QuotationController))
#7 C:\Users\Atik\Desktop\refrens\vendor\codeigniter4\framework\system\CodeIgniter.php(312): CodeIgniter\CodeIgniter->handleRequest(NULL, Object(Config\Cache), false)
#8 C:\Users\Atik\Desktop\refrens\public\index.php(45): CodeIgniter\CodeIgniter->run()
#9 C:\Users\Atik\Desktop\refrens\vendor\codeigniter4\framework\system\Commands\Server\rewrite.php(34): require_once('C:\\Users\\Atik\\D...')
#10 {main}
CRITICAL - 2021-01-11 03:01:47 --> Object of class stdClass could not be converted to string
#0 C:\Users\Atik\Desktop\refrens\vendor\codeigniter4\framework\system\View\View.php(246): include()
#1 C:\Users\Atik\Desktop\refrens\vendor\codeigniter4\framework\system\Common.php(1119): CodeIgniter\View\View->render('home/myquotatio...', Array, true)
#2 C:\Users\Atik\Desktop\refrens\app\Controllers\QuotationController.php(52): view('home/myquotatio...', Array)
#3 C:\Users\Atik\Desktop\refrens\vendor\codeigniter4\framework\system\CodeIgniter.php(918): App\Controllers\QuotationController->my_quotation()
#4 C:\Users\Atik\Desktop\refrens\vendor\codeigniter4\framework\system\CodeIgniter.php(404): CodeIgniter\CodeIgniter->runController(Object(App\Controllers\QuotationController))
#5 C:\Users\Atik\Desktop\refrens\vendor\codeigniter4\framework\system\CodeIgniter.php(312): CodeIgniter\CodeIgniter->handleRequest(NULL, Object(Config\Cache), false)
#6 C:\Users\Atik\Desktop\refrens\public\index.php(45): CodeIgniter\CodeIgniter->run()
#7 C:\Users\Atik\Desktop\refrens\vendor\codeigniter4\framework\system\Commands\Server\rewrite.php(34): require_once('C:\\Users\\Atik\\D...')
#8 {main}
CRITICAL - 2021-01-11 03:05:58 --> Object of class stdClass could not be converted to string
#0 C:\Users\Atik\Desktop\refrens\vendor\codeigniter4\framework\system\View\View.php(246): include()
#1 C:\Users\Atik\Desktop\refrens\vendor\codeigniter4\framework\system\Common.php(1119): CodeIgniter\View\View->render('home/myquotatio...', Array, true)
#2 C:\Users\Atik\Desktop\refrens\app\Controllers\QuotationController.php(52): view('home/myquotatio...', Array)
#3 C:\Users\Atik\Desktop\refrens\vendor\codeigniter4\framework\system\CodeIgniter.php(918): App\Controllers\QuotationController->my_quotation()
#4 C:\Users\Atik\Desktop\refrens\vendor\codeigniter4\framework\system\CodeIgniter.php(404): CodeIgniter\CodeIgniter->runController(Object(App\Controllers\QuotationController))
#5 C:\Users\Atik\Desktop\refrens\vendor\codeigniter4\framework\system\CodeIgniter.php(312): CodeIgniter\CodeIgniter->handleRequest(NULL, Object(Config\Cache), false)
#6 C:\Users\Atik\Desktop\refrens\public\index.php(45): CodeIgniter\CodeIgniter->run()
#7 C:\Users\Atik\Desktop\refrens\vendor\codeigniter4\framework\system\Commands\Server\rewrite.php(34): require_once('C:\\Users\\Atik\\D...')
#8 {main}
CRITICAL - 2021-01-11 03:06:09 --> Object of class stdClass could not be converted to string
#0 C:\Users\Atik\Desktop\refrens\vendor\codeigniter4\framework\system\View\View.php(246): include()
#1 C:\Users\Atik\Desktop\refrens\vendor\codeigniter4\framework\system\Common.php(1119): CodeIgniter\View\View->render('home/myquotatio...', Array, true)
#2 C:\Users\Atik\Desktop\refrens\app\Controllers\QuotationController.php(52): view('home/myquotatio...', Array)
#3 C:\Users\Atik\Desktop\refrens\vendor\codeigniter4\framework\system\CodeIgniter.php(918): App\Controllers\QuotationController->my_quotation()
#4 C:\Users\Atik\Desktop\refrens\vendor\codeigniter4\framework\system\CodeIgniter.php(404): CodeIgniter\CodeIgniter->runController(Object(App\Controllers\QuotationController))
#5 C:\Users\Atik\Desktop\refrens\vendor\codeigniter4\framework\system\CodeIgniter.php(312): CodeIgniter\CodeIgniter->handleRequest(NULL, Object(Config\Cache), false)
#6 C:\Users\Atik\Desktop\refrens\public\index.php(45): CodeIgniter\CodeIgniter->run()
#7 C:\Users\Atik\Desktop\refrens\vendor\codeigniter4\framework\system\Commands\Server\rewrite.php(34): require_once('C:\\Users\\Atik\\D...')
#8 {main}
CRITICAL - 2021-01-11 03:09:47 --> date_format() expects parameter 1 to be DateTimeInterface, string given
#0 [internal function]: CodeIgniter\Debug\Exceptions->errorHandler(2, 'date_format() e...', 'C:\\Users\\Atik\\D...', 89, Array)
#1 C:\Users\Atik\Desktop\refrens\app\Views\home\myquotation.php(89): date_format('01-01-2021', 'd/M/y')
#2 C:\Users\Atik\Desktop\refrens\vendor\codeigniter4\framework\system\View\View.php(246): include('C:\\Users\\Atik\\D...')
#3 C:\Users\Atik\Desktop\refrens\vendor\codeigniter4\framework\system\Common.php(1119): CodeIgniter\View\View->render('home/myquotatio...', Array, true)
#4 C:\Users\Atik\Desktop\refrens\app\Controllers\QuotationController.php(52): view('home/myquotatio...', Array)
#5 C:\Users\Atik\Desktop\refrens\vendor\codeigniter4\framework\system\CodeIgniter.php(918): App\Controllers\QuotationController->my_quotation()
#6 C:\Users\Atik\Desktop\refrens\vendor\codeigniter4\framework\system\CodeIgniter.php(404): CodeIgniter\CodeIgniter->runController(Object(App\Controllers\QuotationController))
#7 C:\Users\Atik\Desktop\refrens\vendor\codeigniter4\framework\system\CodeIgniter.php(312): CodeIgniter\CodeIgniter->handleRequest(NULL, Object(Config\Cache), false)
#8 C:\Users\Atik\Desktop\refrens\public\index.php(45): CodeIgniter\CodeIgniter->run()
#9 C:\Users\Atik\Desktop\refrens\vendor\codeigniter4\framework\system\Commands\Server\rewrite.php(34): require_once('C:\\Users\\Atik\\D...')
#10 {main}
