CRITICAL - 2021-01-13 02:00:37 --> include(home/layouts/layout-1.php): failed to open stream: No such file or directory
#0 C:\Users\Atik\Desktop\refrens\app\Views\home\layoutselection.php(2): CodeIgniter\Debug\Exceptions->errorHandler(2, 'include(home/la...', 'C:\\Users\\Atik\\D...', 2, Array)
#1 C:\Users\Atik\Desktop\refrens\app\Views\home\layoutselection.php(2): include()
#2 C:\Users\Atik\Desktop\refrens\vendor\codeigniter4\framework\system\View\View.php(246): include('C:\\Users\\Atik\\D...')
#3 C:\Users\Atik\Desktop\refrens\vendor\codeigniter4\framework\system\Common.php(1119): CodeIgniter\View\View->render('home/layoutsele...', Array, true)
#4 C:\Users\Atik\Desktop\refrens\app\Controllers\QuotationController.php(102): view('home/layoutsele...')
#5 C:\Users\Atik\Desktop\refrens\vendor\codeigniter4\framework\system\CodeIgniter.php(918): App\Controllers\QuotationController->view_layout_selection()
#6 C:\Users\Atik\Desktop\refrens\vendor\codeigniter4\framework\system\CodeIgniter.php(404): CodeIgniter\CodeIgniter->runController(Object(App\Controllers\QuotationController))
#7 C:\Users\Atik\Desktop\refrens\vendor\codeigniter4\framework\system\CodeIgniter.php(312): CodeIgniter\CodeIgniter->handleRequest(NULL, Object(Config\Cache), false)
#8 C:\Users\Atik\Desktop\refrens\public\index.php(45): CodeIgniter\CodeIgniter->run()
#9 C:\Users\Atik\Desktop\refrens\vendor\codeigniter4\framework\system\Commands\Server\rewrite.php(34): require_once('C:\\Users\\Atik\\D...')
#10 {main}
CRITICAL - 2021-01-13 02:01:55 --> Call to undefined method CodeIgniter\View\View::load()
#0 C:\Users\Atik\Desktop\refrens\vendor\codeigniter4\framework\system\View\View.php(246): include()
#1 C:\Users\Atik\Desktop\refrens\vendor\codeigniter4\framework\system\Common.php(1119): CodeIgniter\View\View->render('home/layoutsele...', Array, true)
#2 C:\Users\Atik\Desktop\refrens\app\Controllers\QuotationController.php(102): view('home/layoutsele...')
#3 C:\Users\Atik\Desktop\refrens\vendor\codeigniter4\framework\system\CodeIgniter.php(918): App\Controllers\QuotationController->view_layout_selection()
#4 C:\Users\Atik\Desktop\refrens\vendor\codeigniter4\framework\system\CodeIgniter.php(404): CodeIgniter\CodeIgniter->runController(Object(App\Controllers\QuotationController))
#5 C:\Users\Atik\Desktop\refrens\vendor\codeigniter4\framework\system\CodeIgniter.php(312): CodeIgniter\CodeIgniter->handleRequest(NULL, Object(Config\Cache), false)
#6 C:\Users\Atik\Desktop\refrens\public\index.php(45): CodeIgniter\CodeIgniter->run()
#7 C:\Users\Atik\Desktop\refrens\vendor\codeigniter4\framework\system\Commands\Server\rewrite.php(34): require_once('C:\\Users\\Atik\\D...')
#8 {main}
CRITICAL - 2021-01-13 02:02:27 --> Invalid argument supplied for foreach()
#0 C:\Users\Atik\Desktop\refrens\app\Views\home\layouts\layout-1.php(99): CodeIgniter\Debug\Exceptions->errorHandler(2, 'Invalid argumen...', 'C:\\Users\\Atik\\D...', 99, Array)
#1 C:\Users\Atik\Desktop\refrens\vendor\codeigniter4\framework\system\View\View.php(246): include('C:\\Users\\Atik\\D...')
#2 C:\Users\Atik\Desktop\refrens\vendor\codeigniter4\framework\system\Common.php(1119): CodeIgniter\View\View->render('home/layouts/la...', Array, true)
#3 C:\Users\Atik\Desktop\refrens\app\Views\home\layoutselection.php(103): view('home/layouts/la...')
#4 C:\Users\Atik\Desktop\refrens\vendor\codeigniter4\framework\system\View\View.php(246): include('C:\\Users\\Atik\\D...')
#5 C:\Users\Atik\Desktop\refrens\vendor\codeigniter4\framework\system\Common.php(1119): CodeIgniter\View\View->render('home/layoutsele...', Array, true)
#6 C:\Users\Atik\Desktop\refrens\app\Controllers\QuotationController.php(102): view('home/layoutsele...')
#7 C:\Users\Atik\Desktop\refrens\vendor\codeigniter4\framework\system\CodeIgniter.php(918): App\Controllers\QuotationController->view_layout_selection()
#8 C:\Users\Atik\Desktop\refrens\vendor\codeigniter4\framework\system\CodeIgniter.php(404): CodeIgniter\CodeIgniter->runController(Object(App\Controllers\QuotationController))
#9 C:\Users\Atik\Desktop\refrens\vendor\codeigniter4\framework\system\CodeIgniter.php(312): CodeIgniter\CodeIgniter->handleRequest(NULL, Object(Config\Cache), false)
#10 C:\Users\Atik\Desktop\refrens\public\index.php(45): CodeIgniter\CodeIgniter->run()
#11 C:\Users\Atik\Desktop\refrens\vendor\codeigniter4\framework\system\Commands\Server\rewrite.php(34): require_once('C:\\Users\\Atik\\D...')
#12 {main}
CRITICAL - 2021-01-13 02:03:41 --> Invalid argument supplied for foreach()
#0 C:\Users\Atik\Desktop\refrens\app\Views\home\layouts\layout-1.php(99): CodeIgniter\Debug\Exceptions->errorHandler(2, 'Invalid argumen...', 'C:\\Users\\Atik\\D...', 99, Array)
#1 C:\Users\Atik\Desktop\refrens\vendor\codeigniter4\framework\system\View\View.php(246): include('C:\\Users\\Atik\\D...')
#2 C:\Users\Atik\Desktop\refrens\vendor\codeigniter4\framework\system\Common.php(1119): CodeIgniter\View\View->render('home/layouts/la...', Array, true)
#3 C:\Users\Atik\Desktop\refrens\app\Views\home\layoutselection.php(103): view('home/layouts/la...')
#4 C:\Users\Atik\Desktop\refrens\vendor\codeigniter4\framework\system\View\View.php(246): include('C:\\Users\\Atik\\D...')
#5 C:\Users\Atik\Desktop\refrens\vendor\codeigniter4\framework\system\Common.php(1119): CodeIgniter\View\View->render('home/layoutsele...', Array, true)
#6 C:\Users\Atik\Desktop\refrens\app\Controllers\QuotationController.php(110): view('home/layoutsele...', Array)
#7 C:\Users\Atik\Desktop\refrens\vendor\codeigniter4\framework\system\CodeIgniter.php(918): App\Controllers\QuotationController->view_layout_selection()
#8 C:\Users\Atik\Desktop\refrens\vendor\codeigniter4\framework\system\CodeIgniter.php(404): CodeIgniter\CodeIgniter->runController(Object(App\Controllers\QuotationController))
#9 C:\Users\Atik\Desktop\refrens\vendor\codeigniter4\framework\system\CodeIgniter.php(312): CodeIgniter\CodeIgniter->handleRequest(NULL, Object(Config\Cache), false)
#10 C:\Users\Atik\Desktop\refrens\public\index.php(45): CodeIgniter\CodeIgniter->run()
#11 C:\Users\Atik\Desktop\refrens\vendor\codeigniter4\framework\system\Commands\Server\rewrite.php(34): require_once('C:\\Users\\Atik\\D...')
#12 {main}
CRITICAL - 2021-01-13 02:03:45 --> Invalid argument supplied for foreach()
#0 C:\Users\Atik\Desktop\refrens\app\Views\home\layouts\layout-1.php(99): CodeIgniter\Debug\Exceptions->errorHandler(2, 'Invalid argumen...', 'C:\\Users\\Atik\\D...', 99, Array)
#1 C:\Users\Atik\Desktop\refrens\vendor\codeigniter4\framework\system\View\View.php(246): include('C:\\Users\\Atik\\D...')
#2 C:\Users\Atik\Desktop\refrens\vendor\codeigniter4\framework\system\Common.php(1119): CodeIgniter\View\View->render('home/layouts/la...', Array, true)
#3 C:\Users\Atik\Desktop\refrens\app\Views\home\layoutselection.php(103): view('home/layouts/la...')
#4 C:\Users\Atik\Desktop\refrens\vendor\codeigniter4\framework\system\View\View.php(246): include('C:\\Users\\Atik\\D...')
#5 C:\Users\Atik\Desktop\refrens\vendor\codeigniter4\framework\system\Common.php(1119): CodeIgniter\View\View->render('home/layoutsele...', Array, true)
#6 C:\Users\Atik\Desktop\refrens\app\Controllers\QuotationController.php(110): view('home/layoutsele...', Array)
#7 C:\Users\Atik\Desktop\refrens\vendor\codeigniter4\framework\system\CodeIgniter.php(918): App\Controllers\QuotationController->view_layout_selection()
#8 C:\Users\Atik\Desktop\refrens\vendor\codeigniter4\framework\system\CodeIgniter.php(404): CodeIgniter\CodeIgniter->runController(Object(App\Controllers\QuotationController))
#9 C:\Users\Atik\Desktop\refrens\vendor\codeigniter4\framework\system\CodeIgniter.php(312): CodeIgniter\CodeIgniter->handleRequest(NULL, Object(Config\Cache), false)
#10 C:\Users\Atik\Desktop\refrens\public\index.php(45): CodeIgniter\CodeIgniter->run()
#11 C:\Users\Atik\Desktop\refrens\vendor\codeigniter4\framework\system\Commands\Server\rewrite.php(34): require_once('C:\\Users\\Atik\\D...')
#12 {main}
CRITICAL - 2021-01-13 03:38:54 --> Use of undefined constant item - assumed 'item' (this will throw an Error in a future version of PHP)
#0 C:\Users\Atik\Desktop\refrens\app\Views\home\layoutselection.php(115): CodeIgniter\Debug\Exceptions->errorHandler(2, 'Use of undefine...', 'C:\\Users\\Atik\\D...', 115, Array)
#1 C:\Users\Atik\Desktop\refrens\vendor\codeigniter4\framework\system\View\View.php(246): include('C:\\Users\\Atik\\D...')
#2 C:\Users\Atik\Desktop\refrens\vendor\codeigniter4\framework\system\Common.php(1119): CodeIgniter\View\View->render('home/layoutsele...', Array, true)
#3 C:\Users\Atik\Desktop\refrens\app\Controllers\QuotationController.php(106): view('home/layoutsele...', Array)
#4 C:\Users\Atik\Desktop\refrens\vendor\codeigniter4\framework\system\CodeIgniter.php(918): App\Controllers\QuotationController->view_layout_selection('37', '4')
#5 C:\Users\Atik\Desktop\refrens\vendor\codeigniter4\framework\system\CodeIgniter.php(404): CodeIgniter\CodeIgniter->runController(Object(App\Controllers\QuotationController))
#6 C:\Users\Atik\Desktop\refrens\vendor\codeigniter4\framework\system\CodeIgniter.php(312): CodeIgniter\CodeIgniter->handleRequest(NULL, Object(Config\Cache), false)
#7 C:\Users\Atik\Desktop\refrens\public\index.php(45): CodeIgniter\CodeIgniter->run()
#8 C:\Users\Atik\Desktop\refrens\vendor\codeigniter4\framework\system\Commands\Server\rewrite.php(34): require_once('C:\\Users\\Atik\\D...')
#9 {main}
CRITICAL - 2021-01-13 03:40:37 --> Use of undefined constant item - assumed 'item' (this will throw an Error in a future version of PHP)
#0 C:\Users\Atik\Desktop\refrens\app\Views\home\layoutselection.php(115): CodeIgniter\Debug\Exceptions->errorHandler(2, 'Use of undefine...', 'C:\\Users\\Atik\\D...', 115, Array)
#1 C:\Users\Atik\Desktop\refrens\vendor\codeigniter4\framework\system\View\View.php(246): include('C:\\Users\\Atik\\D...')
#2 C:\Users\Atik\Desktop\refrens\vendor\codeigniter4\framework\system\Common.php(1119): CodeIgniter\View\View->render('home/layoutsele...', Array, true)
#3 C:\Users\Atik\Desktop\refrens\app\Controllers\QuotationController.php(106): view('home/layoutsele...', Array)
#4 C:\Users\Atik\Desktop\refrens\vendor\codeigniter4\framework\system\CodeIgniter.php(918): App\Controllers\QuotationController->view_layout_selection('37', '4')
#5 C:\Users\Atik\Desktop\refrens\vendor\codeigniter4\framework\system\CodeIgniter.php(404): CodeIgniter\CodeIgniter->runController(Object(App\Controllers\QuotationController))
#6 C:\Users\Atik\Desktop\refrens\vendor\codeigniter4\framework\system\CodeIgniter.php(312): CodeIgniter\CodeIgniter->handleRequest(NULL, Object(Config\Cache), false)
#7 C:\Users\Atik\Desktop\refrens\public\index.php(45): CodeIgniter\CodeIgniter->run()
#8 C:\Users\Atik\Desktop\refrens\vendor\codeigniter4\framework\system\Commands\Server\rewrite.php(34): require_once('C:\\Users\\Atik\\D...')
#9 {main}
CRITICAL - 2021-01-13 04:05:51 --> Call to a member function get() on null
#0 C:\Users\Atik\Desktop\refrens\app\Controllers\QuotationController.php(112): App\Models\Usermodel->set_as_default('2')
#1 C:\Users\Atik\Desktop\refrens\vendor\codeigniter4\framework\system\CodeIgniter.php(918): App\Controllers\QuotationController->set_as_default('2')
#2 C:\Users\Atik\Desktop\refrens\vendor\codeigniter4\framework\system\CodeIgniter.php(404): CodeIgniter\CodeIgniter->runController(Object(App\Controllers\QuotationController))
#3 C:\Users\Atik\Desktop\refrens\vendor\codeigniter4\framework\system\CodeIgniter.php(312): CodeIgniter\CodeIgniter->handleRequest(NULL, Object(Config\Cache), false)
#4 C:\Users\Atik\Desktop\refrens\public\index.php(45): CodeIgniter\CodeIgniter->run()
#5 C:\Users\Atik\Desktop\refrens\vendor\codeigniter4\framework\system\Commands\Server\rewrite.php(34): require_once('C:\\Users\\Atik\\D...')
#6 {main}
CRITICAL - 2021-01-13 04:06:34 -->  route cannot be found while reverse-routing.
#0 C:\Users\Atik\Desktop\refrens\vendor\codeigniter4\framework\system\HTTP\RedirectResponse.php(92): CodeIgniter\HTTP\Exceptions\HTTPException::forInvalidRedirectRoute('')
#1 C:\Users\Atik\Desktop\refrens\vendor\codeigniter4\framework\system\Common.php(845): CodeIgniter\HTTP\RedirectResponse->route(false)
#2 C:\Users\Atik\Desktop\refrens\app\Controllers\QuotationController.php(113): redirect('QuotationContro...')
#3 C:\Users\Atik\Desktop\refrens\vendor\codeigniter4\framework\system\CodeIgniter.php(918): App\Controllers\QuotationController->set_as_default('2')
#4 C:\Users\Atik\Desktop\refrens\vendor\codeigniter4\framework\system\CodeIgniter.php(404): CodeIgniter\CodeIgniter->runController(Object(App\Controllers\QuotationController))
#5 C:\Users\Atik\Desktop\refrens\vendor\codeigniter4\framework\system\CodeIgniter.php(312): CodeIgniter\CodeIgniter->handleRequest(NULL, Object(Config\Cache), false)
#6 C:\Users\Atik\Desktop\refrens\public\index.php(45): CodeIgniter\CodeIgniter->run()
#7 C:\Users\Atik\Desktop\refrens\vendor\codeigniter4\framework\system\Commands\Server\rewrite.php(34): require_once('C:\\Users\\Atik\\D...')
#8 {main}
CRITICAL - 2021-01-13 04:22:30 -->  route cannot be found while reverse-routing.
#0 C:\Users\Atik\Desktop\refrens\vendor\codeigniter4\framework\system\HTTP\RedirectResponse.php(92): CodeIgniter\HTTP\Exceptions\HTTPException::forInvalidRedirectRoute('')
#1 C:\Users\Atik\Desktop\refrens\vendor\codeigniter4\framework\system\Common.php(845): CodeIgniter\HTTP\RedirectResponse->route(false)
#2 C:\Users\Atik\Desktop\refrens\app\Controllers\QuotationController.php(113): redirect('QuotationContro...')
#3 C:\Users\Atik\Desktop\refrens\vendor\codeigniter4\framework\system\CodeIgniter.php(918): App\Controllers\QuotationController->set_as_default('2')
#4 C:\Users\Atik\Desktop\refrens\vendor\codeigniter4\framework\system\CodeIgniter.php(404): CodeIgniter\CodeIgniter->runController(Object(App\Controllers\QuotationController))
#5 C:\Users\Atik\Desktop\refrens\vendor\codeigniter4\framework\system\CodeIgniter.php(312): CodeIgniter\CodeIgniter->handleRequest(NULL, Object(Config\Cache), false)
#6 C:\Users\Atik\Desktop\refrens\public\index.php(45): CodeIgniter\CodeIgniter->run()
#7 C:\Users\Atik\Desktop\refrens\vendor\codeigniter4\framework\system\Commands\Server\rewrite.php(34): require_once('C:\\Users\\Atik\\D...')
#8 {main}
CRITICAL - 2021-01-13 04:47:19 --> Call to undefined method App\Models\Usermodel::get_user_default_layout
#0 C:\Users\Atik\Desktop\refrens\app\Controllers\QuotationController.php(55): CodeIgniter\Model->__call('get_user_defaul...', Array)
#1 C:\Users\Atik\Desktop\refrens\vendor\codeigniter4\framework\system\CodeIgniter.php(918): App\Controllers\QuotationController->my_quotation()
#2 C:\Users\Atik\Desktop\refrens\vendor\codeigniter4\framework\system\CodeIgniter.php(404): CodeIgniter\CodeIgniter->runController(Object(App\Controllers\QuotationController))
#3 C:\Users\Atik\Desktop\refrens\vendor\codeigniter4\framework\system\CodeIgniter.php(312): CodeIgniter\CodeIgniter->handleRequest(NULL, Object(Config\Cache), false)
#4 C:\Users\Atik\Desktop\refrens\public\index.php(45): CodeIgniter\CodeIgniter->run()
#5 C:\Users\Atik\Desktop\refrens\vendor\codeigniter4\framework\system\Commands\Server\rewrite.php(34): require_once('C:\\Users\\Atik\\D...')
#6 {main}
CRITICAL - 2021-01-13 05:21:01 --> Object of class stdClass could not be converted to string
#0 C:\Users\Atik\Desktop\refrens\vendor\codeigniter4\framework\system\View\View.php(246): include()
#1 C:\Users\Atik\Desktop\refrens\vendor\codeigniter4\framework\system\Common.php(1119): CodeIgniter\View\View->render('home/myquotatio...', Array, true)
#2 C:\Users\Atik\Desktop\refrens\app\Controllers\QuotationController.php(66): view('home/myquotatio...', Array)
#3 C:\Users\Atik\Desktop\refrens\vendor\codeigniter4\framework\system\CodeIgniter.php(918): App\Controllers\QuotationController->my_quotation()
#4 C:\Users\Atik\Desktop\refrens\vendor\codeigniter4\framework\system\CodeIgniter.php(404): CodeIgniter\CodeIgniter->runController(Object(App\Controllers\QuotationController))
#5 C:\Users\Atik\Desktop\refrens\vendor\codeigniter4\framework\system\CodeIgniter.php(312): CodeIgniter\CodeIgniter->handleRequest(NULL, Object(Config\Cache), false)
#6 C:\Users\Atik\Desktop\refrens\public\index.php(45): CodeIgniter\CodeIgniter->run()
#7 C:\Users\Atik\Desktop\refrens\vendor\codeigniter4\framework\system\Commands\Server\rewrite.php(34): require_once('C:\\Users\\Atik\\D...')
#8 {main}
CRITICAL - 2021-01-13 05:22:26 --> Object of class stdClass could not be converted to string
#0 C:\Users\Atik\Desktop\refrens\vendor\codeigniter4\framework\system\View\View.php(246): include()
#1 C:\Users\Atik\Desktop\refrens\vendor\codeigniter4\framework\system\Common.php(1119): CodeIgniter\View\View->render('home/myquotatio...', Array, true)
#2 C:\Users\Atik\Desktop\refrens\app\Controllers\QuotationController.php(66): view('home/myquotatio...', Array)
#3 C:\Users\Atik\Desktop\refrens\vendor\codeigniter4\framework\system\CodeIgniter.php(918): App\Controllers\QuotationController->my_quotation()
#4 C:\Users\Atik\Desktop\refrens\vendor\codeigniter4\framework\system\CodeIgniter.php(404): CodeIgniter\CodeIgniter->runController(Object(App\Controllers\QuotationController))
#5 C:\Users\Atik\Desktop\refrens\vendor\codeigniter4\framework\system\CodeIgniter.php(312): CodeIgniter\CodeIgniter->handleRequest(NULL, Object(Config\Cache), false)
#6 C:\Users\Atik\Desktop\refrens\public\index.php(45): CodeIgniter\CodeIgniter->run()
#7 C:\Users\Atik\Desktop\refrens\vendor\codeigniter4\framework\system\Commands\Server\rewrite.php(34): require_once('C:\\Users\\Atik\\D...')
#8 {main}
CRITICAL - 2021-01-13 05:24:28 --> Object of class stdClass could not be converted to string
#0 C:\Users\Atik\Desktop\refrens\vendor\codeigniter4\framework\system\View\View.php(246): include()
#1 C:\Users\Atik\Desktop\refrens\vendor\codeigniter4\framework\system\Common.php(1119): CodeIgniter\View\View->render('home/myquotatio...', Array, true)
#2 C:\Users\Atik\Desktop\refrens\app\Controllers\QuotationController.php(66): view('home/myquotatio...', Array)
#3 C:\Users\Atik\Desktop\refrens\vendor\codeigniter4\framework\system\CodeIgniter.php(918): App\Controllers\QuotationController->my_quotation()
#4 C:\Users\Atik\Desktop\refrens\vendor\codeigniter4\framework\system\CodeIgniter.php(404): CodeIgniter\CodeIgniter->runController(Object(App\Controllers\QuotationController))
#5 C:\Users\Atik\Desktop\refrens\vendor\codeigniter4\framework\system\CodeIgniter.php(312): CodeIgniter\CodeIgniter->handleRequest(NULL, Object(Config\Cache), false)
#6 C:\Users\Atik\Desktop\refrens\public\index.php(45): CodeIgniter\CodeIgniter->run()
#7 C:\Users\Atik\Desktop\refrens\vendor\codeigniter4\framework\system\Commands\Server\rewrite.php(34): require_once('C:\\Users\\Atik\\D...')
#8 {main}
