CRITICAL - 2021-01-06 02:31:07 --> Invalid argument supplied for foreach()
#0 C:\Users\Atik\Desktop\refrens\app\Models\Quotationmodel.php(12): CodeIgniter\Debug\Exceptions->errorHandler(2, 'Invalid argumen...', 'C:\\Users\\Atik\\D...', 12, Array)
#1 C:\Users\Atik\Desktop\refrens\app\Controllers\SigninController.php(27): App\Models\Quotationmodel->insertIntoQuotationDetails(Array)
#2 C:\Users\Atik\Desktop\refrens\vendor\codeigniter4\framework\system\CodeIgniter.php(918): App\Controllers\SigninController->signinCheck()
#3 C:\Users\Atik\Desktop\refrens\vendor\codeigniter4\framework\system\CodeIgniter.php(404): CodeIgniter\CodeIgniter->runController(Object(App\Controllers\SigninController))
#4 C:\Users\Atik\Desktop\refrens\vendor\codeigniter4\framework\system\CodeIgniter.php(312): CodeIgniter\CodeIgniter->handleRequest(NULL, Object(Config\Cache), false)
#5 C:\Users\Atik\Desktop\refrens\public\index.php(45): CodeIgniter\CodeIgniter->run()
#6 C:\Users\Atik\Desktop\refrens\vendor\codeigniter4\framework\system\Commands\Server\rewrite.php(34): require_once('C:\\Users\\Atik\\D...')
#7 {main}
CRITICAL - 2021-01-06 02:31:34 --> Invalid argument supplied for foreach()
#0 C:\Users\Atik\Desktop\refrens\app\Models\Quotationmodel.php(12): CodeIgniter\Debug\Exceptions->errorHandler(2, 'Invalid argumen...', 'C:\\Users\\Atik\\D...', 12, Array)
#1 C:\Users\Atik\Desktop\refrens\app\Controllers\SigninController.php(27): App\Models\Quotationmodel->insertIntoQuotationDetails(Array)
#2 C:\Users\Atik\Desktop\refrens\vendor\codeigniter4\framework\system\CodeIgniter.php(918): App\Controllers\SigninController->signinCheck()
#3 C:\Users\Atik\Desktop\refrens\vendor\codeigniter4\framework\system\CodeIgniter.php(404): CodeIgniter\CodeIgniter->runController(Object(App\Controllers\SigninController))
#4 C:\Users\Atik\Desktop\refrens\vendor\codeigniter4\framework\system\CodeIgniter.php(312): CodeIgniter\CodeIgniter->handleRequest(NULL, Object(Config\Cache), false)
#5 C:\Users\Atik\Desktop\refrens\public\index.php(45): CodeIgniter\CodeIgniter->run()
#6 C:\Users\Atik\Desktop\refrens\vendor\codeigniter4\framework\system\Commands\Server\rewrite.php(34): require_once('C:\\Users\\Atik\\D...')
#7 {main}
CRITICAL - 2021-01-06 02:33:16 --> Invalid argument supplied for foreach()
#0 C:\Users\Atik\Desktop\refrens\app\Models\Quotationmodel.php(12): CodeIgniter\Debug\Exceptions->errorHandler(2, 'Invalid argumen...', 'C:\\Users\\Atik\\D...', 12, Array)
#1 C:\Users\Atik\Desktop\refrens\app\Controllers\SigninController.php(27): App\Models\Quotationmodel->insertIntoQuotationDetails(Array)
#2 C:\Users\Atik\Desktop\refrens\vendor\codeigniter4\framework\system\CodeIgniter.php(918): App\Controllers\SigninController->signinCheck()
#3 C:\Users\Atik\Desktop\refrens\vendor\codeigniter4\framework\system\CodeIgniter.php(404): CodeIgniter\CodeIgniter->runController(Object(App\Controllers\SigninController))
#4 C:\Users\Atik\Desktop\refrens\vendor\codeigniter4\framework\system\CodeIgniter.php(312): CodeIgniter\CodeIgniter->handleRequest(NULL, Object(Config\Cache), false)
#5 C:\Users\Atik\Desktop\refrens\public\index.php(45): CodeIgniter\CodeIgniter->run()
#6 C:\Users\Atik\Desktop\refrens\vendor\codeigniter4\framework\system\Commands\Server\rewrite.php(34): require_once('C:\\Users\\Atik\\D...')
#7 {main}
CRITICAL - 2021-01-06 04:33:22 --> Class name must be a valid object or a string
#0 C:\Users\Atik\Desktop\refrens\vendor\codeigniter4\framework\system\CodeIgniter.php(918): App\Controllers\SigninController->signinCheck()
#1 C:\Users\Atik\Desktop\refrens\vendor\codeigniter4\framework\system\CodeIgniter.php(404): CodeIgniter\CodeIgniter->runController(Object(App\Controllers\SigninController))
#2 C:\Users\Atik\Desktop\refrens\vendor\codeigniter4\framework\system\CodeIgniter.php(312): CodeIgniter\CodeIgniter->handleRequest(NULL, Object(Config\Cache), false)
#3 C:\Users\Atik\Desktop\refrens\public\index.php(45): CodeIgniter\CodeIgniter->run()
#4 C:\Users\Atik\Desktop\refrens\vendor\codeigniter4\framework\system\Commands\Server\rewrite.php(34): require_once('C:\\Users\\Atik\\D...')
#5 {main}
CRITICAL - 2021-01-06 09:58:17 --> Use of undefined constant i - assumed 'i' (this will throw an Error in a future version of PHP)
#0 C:\xampp\htdocs\refrens\app\Controllers\SigninController.php(33): CodeIgniter\Debug\Exceptions->errorHandler(2, 'Use of undefine...', 'C:\\xampp\\htdocs...', 33, Array)
#1 C:\xampp\htdocs\refrens\vendor\codeigniter4\framework\system\CodeIgniter.php(918): App\Controllers\SigninController->signinCheck()
#2 C:\xampp\htdocs\refrens\vendor\codeigniter4\framework\system\CodeIgniter.php(404): CodeIgniter\CodeIgniter->runController(Object(App\Controllers\SigninController))
#3 C:\xampp\htdocs\refrens\vendor\codeigniter4\framework\system\CodeIgniter.php(312): CodeIgniter\CodeIgniter->handleRequest(NULL, Object(Config\Cache), false)
#4 C:\xampp\htdocs\refrens\public\index.php(45): CodeIgniter\CodeIgniter->run()
#5 C:\xampp\htdocs\refrens\vendor\codeigniter4\framework\system\Commands\Server\rewrite.php(34): require_once('C:\\xampp\\htdocs...')
#6 {main}
CRITICAL - 2021-01-06 11:18:23 --> Call to a member function get() on null
#0 C:\xampp\htdocs\refrens\app\Controllers\SigninController.php(48): App\Models\Usermodel->updateIntoUserDetails(Array)
#1 C:\xampp\htdocs\refrens\vendor\codeigniter4\framework\system\CodeIgniter.php(918): App\Controllers\SigninController->signinCheck()
#2 C:\xampp\htdocs\refrens\vendor\codeigniter4\framework\system\CodeIgniter.php(404): CodeIgniter\CodeIgniter->runController(Object(App\Controllers\SigninController))
#3 C:\xampp\htdocs\refrens\vendor\codeigniter4\framework\system\CodeIgniter.php(312): CodeIgniter\CodeIgniter->handleRequest(NULL, Object(Config\Cache), false)
#4 C:\xampp\htdocs\refrens\public\index.php(45): CodeIgniter\CodeIgniter->run()
#5 C:\xampp\htdocs\refrens\vendor\codeigniter4\framework\system\Commands\Server\rewrite.php(34): require_once('C:\\xampp\\htdocs...')
#6 {main}
CRITICAL - 2021-01-06 11:21:18 --> Call to a member function get() on null
#0 C:\xampp\htdocs\refrens\app\Controllers\SigninController.php(48): App\Models\Usermodel->updateIntoUserDetails(Array)
#1 C:\xampp\htdocs\refrens\vendor\codeigniter4\framework\system\CodeIgniter.php(918): App\Controllers\SigninController->signinCheck()
#2 C:\xampp\htdocs\refrens\vendor\codeigniter4\framework\system\CodeIgniter.php(404): CodeIgniter\CodeIgniter->runController(Object(App\Controllers\SigninController))
#3 C:\xampp\htdocs\refrens\vendor\codeigniter4\framework\system\CodeIgniter.php(312): CodeIgniter\CodeIgniter->handleRequest(NULL, Object(Config\Cache), false)
#4 C:\xampp\htdocs\refrens\public\index.php(45): CodeIgniter\CodeIgniter->run()
#5 C:\xampp\htdocs\refrens\vendor\codeigniter4\framework\system\Commands\Server\rewrite.php(34): require_once('C:\\xampp\\htdocs...')
#6 {main}
CRITICAL - 2021-01-06 11:24:40 --> Call to a member function get() on null
#0 C:\xampp\htdocs\refrens\app\Controllers\SigninController.php(48): App\Models\Usermodel->updateIntoUserDetails(Array)
#1 C:\xampp\htdocs\refrens\vendor\codeigniter4\framework\system\CodeIgniter.php(918): App\Controllers\SigninController->signinCheck()
#2 C:\xampp\htdocs\refrens\vendor\codeigniter4\framework\system\CodeIgniter.php(404): CodeIgniter\CodeIgniter->runController(Object(App\Controllers\SigninController))
#3 C:\xampp\htdocs\refrens\vendor\codeigniter4\framework\system\CodeIgniter.php(312): CodeIgniter\CodeIgniter->handleRequest(NULL, Object(Config\Cache), false)
#4 C:\xampp\htdocs\refrens\public\index.php(45): CodeIgniter\CodeIgniter->run()
#5 C:\xampp\htdocs\refrens\vendor\codeigniter4\framework\system\Commands\Server\rewrite.php(34): require_once('C:\\xampp\\htdocs...')
#6 {main}
CRITICAL - 2021-01-06 11:26:37 --> Call to a member function get() on null
#0 C:\xampp\htdocs\refrens\app\Controllers\SigninController.php(48): App\Models\Usermodel->updateIntoUserDetails(Array)
#1 C:\xampp\htdocs\refrens\vendor\codeigniter4\framework\system\CodeIgniter.php(918): App\Controllers\SigninController->signinCheck()
#2 C:\xampp\htdocs\refrens\vendor\codeigniter4\framework\system\CodeIgniter.php(404): CodeIgniter\CodeIgniter->runController(Object(App\Controllers\SigninController))
#3 C:\xampp\htdocs\refrens\vendor\codeigniter4\framework\system\CodeIgniter.php(312): CodeIgniter\CodeIgniter->handleRequest(NULL, Object(Config\Cache), false)
#4 C:\xampp\htdocs\refrens\public\index.php(45): CodeIgniter\CodeIgniter->run()
#5 C:\xampp\htdocs\refrens\vendor\codeigniter4\framework\system\Commands\Server\rewrite.php(34): require_once('C:\\xampp\\htdocs...')
#6 {main}
CRITICAL - 2021-01-06 11:26:51 --> Call to a member function get() on null
#0 C:\xampp\htdocs\refrens\app\Controllers\SigninController.php(48): App\Models\Usermodel->updateIntoUserDetails(Array)
#1 C:\xampp\htdocs\refrens\vendor\codeigniter4\framework\system\CodeIgniter.php(918): App\Controllers\SigninController->signinCheck()
#2 C:\xampp\htdocs\refrens\vendor\codeigniter4\framework\system\CodeIgniter.php(404): CodeIgniter\CodeIgniter->runController(Object(App\Controllers\SigninController))
#3 C:\xampp\htdocs\refrens\vendor\codeigniter4\framework\system\CodeIgniter.php(312): CodeIgniter\CodeIgniter->handleRequest(NULL, Object(Config\Cache), false)
#4 C:\xampp\htdocs\refrens\public\index.php(45): CodeIgniter\CodeIgniter->run()
#5 C:\xampp\htdocs\refrens\vendor\codeigniter4\framework\system\Commands\Server\rewrite.php(34): require_once('C:\\xampp\\htdocs...')
#6 {main}
CRITICAL - 2021-01-06 11:28:32 --> Call to a member function get() on null
#0 C:\xampp\htdocs\refrens\app\Controllers\SigninController.php(48): App\Models\Usermodel->updateIntoUserDetails(Array)
#1 C:\xampp\htdocs\refrens\vendor\codeigniter4\framework\system\CodeIgniter.php(918): App\Controllers\SigninController->signinCheck()
#2 C:\xampp\htdocs\refrens\vendor\codeigniter4\framework\system\CodeIgniter.php(404): CodeIgniter\CodeIgniter->runController(Object(App\Controllers\SigninController))
#3 C:\xampp\htdocs\refrens\vendor\codeigniter4\framework\system\CodeIgniter.php(312): CodeIgniter\CodeIgniter->handleRequest(NULL, Object(Config\Cache), false)
#4 C:\xampp\htdocs\refrens\public\index.php(45): CodeIgniter\CodeIgniter->run()
#5 C:\xampp\htdocs\refrens\vendor\codeigniter4\framework\system\Commands\Server\rewrite.php(34): require_once('C:\\xampp\\htdocs...')
#6 {main}
CRITICAL - 2021-01-06 11:34:21 --> Call to a member function get() on null
#0 C:\xampp\htdocs\refrens\app\Controllers\SigninController.php(48): App\Models\Usermodel->updateIntoUserDetails(Array)
#1 C:\xampp\htdocs\refrens\vendor\codeigniter4\framework\system\CodeIgniter.php(918): App\Controllers\SigninController->signinCheck()
#2 C:\xampp\htdocs\refrens\vendor\codeigniter4\framework\system\CodeIgniter.php(404): CodeIgniter\CodeIgniter->runController(Object(App\Controllers\SigninController))
#3 C:\xampp\htdocs\refrens\vendor\codeigniter4\framework\system\CodeIgniter.php(312): CodeIgniter\CodeIgniter->handleRequest(NULL, Object(Config\Cache), false)
#4 C:\xampp\htdocs\refrens\public\index.php(45): CodeIgniter\CodeIgniter->run()
#5 C:\xampp\htdocs\refrens\vendor\codeigniter4\framework\system\Commands\Server\rewrite.php(34): require_once('C:\\xampp\\htdocs...')
#6 {main}
CRITICAL - 2021-01-06 11:35:43 --> Call to a member function get() on null
#0 C:\xampp\htdocs\refrens\app\Controllers\SigninController.php(48): App\Models\Usermodel->updateIntoUserDetails(Array)
#1 C:\xampp\htdocs\refrens\vendor\codeigniter4\framework\system\CodeIgniter.php(918): App\Controllers\SigninController->signinCheck()
#2 C:\xampp\htdocs\refrens\vendor\codeigniter4\framework\system\CodeIgniter.php(404): CodeIgniter\CodeIgniter->runController(Object(App\Controllers\SigninController))
#3 C:\xampp\htdocs\refrens\vendor\codeigniter4\framework\system\CodeIgniter.php(312): CodeIgniter\CodeIgniter->handleRequest(NULL, Object(Config\Cache), false)
#4 C:\xampp\htdocs\refrens\public\index.php(45): CodeIgniter\CodeIgniter->run()
#5 C:\xampp\htdocs\refrens\vendor\codeigniter4\framework\system\Commands\Server\rewrite.php(34): require_once('C:\\xampp\\htdocs...')
#6 {main}
CRITICAL - 2021-01-06 11:36:27 --> Call to a member function get() on null
#0 C:\xampp\htdocs\refrens\app\Controllers\SigninController.php(48): App\Models\Usermodel->updateIntoUserDetails(Array)
#1 C:\xampp\htdocs\refrens\vendor\codeigniter4\framework\system\CodeIgniter.php(918): App\Controllers\SigninController->signinCheck()
#2 C:\xampp\htdocs\refrens\vendor\codeigniter4\framework\system\CodeIgniter.php(404): CodeIgniter\CodeIgniter->runController(Object(App\Controllers\SigninController))
#3 C:\xampp\htdocs\refrens\vendor\codeigniter4\framework\system\CodeIgniter.php(312): CodeIgniter\CodeIgniter->handleRequest(NULL, Object(Config\Cache), false)
#4 C:\xampp\htdocs\refrens\public\index.php(45): CodeIgniter\CodeIgniter->run()
#5 C:\xampp\htdocs\refrens\vendor\codeigniter4\framework\system\Commands\Server\rewrite.php(34): require_once('C:\\xampp\\htdocs...')
#6 {main}
CRITICAL - 2021-01-06 11:36:44 --> Call to a member function get() on null
#0 C:\xampp\htdocs\refrens\app\Controllers\SigninController.php(48): App\Models\Usermodel->updateIntoUserDetails(Array)
#1 C:\xampp\htdocs\refrens\vendor\codeigniter4\framework\system\CodeIgniter.php(918): App\Controllers\SigninController->signinCheck()
#2 C:\xampp\htdocs\refrens\vendor\codeigniter4\framework\system\CodeIgniter.php(404): CodeIgniter\CodeIgniter->runController(Object(App\Controllers\SigninController))
#3 C:\xampp\htdocs\refrens\vendor\codeigniter4\framework\system\CodeIgniter.php(312): CodeIgniter\CodeIgniter->handleRequest(NULL, Object(Config\Cache), false)
#4 C:\xampp\htdocs\refrens\public\index.php(45): CodeIgniter\CodeIgniter->run()
#5 C:\xampp\htdocs\refrens\vendor\codeigniter4\framework\system\Commands\Server\rewrite.php(34): require_once('C:\\xampp\\htdocs...')
#6 {main}
CRITICAL - 2021-01-06 11:42:13 --> Call to a member function get() on null
#0 C:\xampp\htdocs\refrens\app\Controllers\SigninController.php(48): App\Models\Usermodel->updateIntoUserDetails(Array)
#1 C:\xampp\htdocs\refrens\vendor\codeigniter4\framework\system\CodeIgniter.php(918): App\Controllers\SigninController->signinCheck()
#2 C:\xampp\htdocs\refrens\vendor\codeigniter4\framework\system\CodeIgniter.php(404): CodeIgniter\CodeIgniter->runController(Object(App\Controllers\SigninController))
#3 C:\xampp\htdocs\refrens\vendor\codeigniter4\framework\system\CodeIgniter.php(312): CodeIgniter\CodeIgniter->handleRequest(NULL, Object(Config\Cache), false)
#4 C:\xampp\htdocs\refrens\public\index.php(45): CodeIgniter\CodeIgniter->run()
#5 C:\xampp\htdocs\refrens\vendor\codeigniter4\framework\system\Commands\Server\rewrite.php(34): require_once('C:\\xampp\\htdocs...')
#6 {main}
CRITICAL - 2021-01-06 11:42:41 --> Call to a member function get() on null
#0 C:\xampp\htdocs\refrens\app\Controllers\SigninController.php(48): App\Models\Usermodel->updateIntoUserDetails(Array)
#1 C:\xampp\htdocs\refrens\vendor\codeigniter4\framework\system\CodeIgniter.php(918): App\Controllers\SigninController->signinCheck()
#2 C:\xampp\htdocs\refrens\vendor\codeigniter4\framework\system\CodeIgniter.php(404): CodeIgniter\CodeIgniter->runController(Object(App\Controllers\SigninController))
#3 C:\xampp\htdocs\refrens\vendor\codeigniter4\framework\system\CodeIgniter.php(312): CodeIgniter\CodeIgniter->handleRequest(NULL, Object(Config\Cache), false)
#4 C:\xampp\htdocs\refrens\public\index.php(45): CodeIgniter\CodeIgniter->run()
#5 C:\xampp\htdocs\refrens\vendor\codeigniter4\framework\system\Commands\Server\rewrite.php(34): require_once('C:\\xampp\\htdocs...')
#6 {main}
CRITICAL - 2021-01-06 11:43:19 --> Call to a member function get() on null
#0 C:\xampp\htdocs\refrens\app\Controllers\SigninController.php(48): App\Models\Usermodel->updateIntoUserDetails(Array)
#1 C:\xampp\htdocs\refrens\vendor\codeigniter4\framework\system\CodeIgniter.php(918): App\Controllers\SigninController->signinCheck()
#2 C:\xampp\htdocs\refrens\vendor\codeigniter4\framework\system\CodeIgniter.php(404): CodeIgniter\CodeIgniter->runController(Object(App\Controllers\SigninController))
#3 C:\xampp\htdocs\refrens\vendor\codeigniter4\framework\system\CodeIgniter.php(312): CodeIgniter\CodeIgniter->handleRequest(NULL, Object(Config\Cache), false)
#4 C:\xampp\htdocs\refrens\public\index.php(45): CodeIgniter\CodeIgniter->run()
#5 C:\xampp\htdocs\refrens\vendor\codeigniter4\framework\system\Commands\Server\rewrite.php(34): require_once('C:\\xampp\\htdocs...')
#6 {main}
CRITICAL - 2021-01-06 21:51:26 --> Argument 2 passed to CodeIgniter\Database\BaseBuilder::set() must be of the type string or null, array given, called in C:\Users\Atik\Desktop\refrens\app\Models\Usermodel.php on line 75
#0 C:\Users\Atik\Desktop\refrens\app\Models\Usermodel.php(75): CodeIgniter\Database\BaseBuilder->set('user_details', Array)
#1 C:\Users\Atik\Desktop\refrens\app\Controllers\SigninController.php(48): App\Models\Usermodel->updateIntoUserDetails(Array)
#2 C:\Users\Atik\Desktop\refrens\vendor\codeigniter4\framework\system\CodeIgniter.php(918): App\Controllers\SigninController->signinCheck()
#3 C:\Users\Atik\Desktop\refrens\vendor\codeigniter4\framework\system\CodeIgniter.php(404): CodeIgniter\CodeIgniter->runController(Object(App\Controllers\SigninController))
#4 C:\Users\Atik\Desktop\refrens\vendor\codeigniter4\framework\system\CodeIgniter.php(312): CodeIgniter\CodeIgniter->handleRequest(NULL, Object(Config\Cache), false)
#5 C:\Users\Atik\Desktop\refrens\public\index.php(45): CodeIgniter\CodeIgniter->run()
#6 C:\Users\Atik\Desktop\refrens\vendor\codeigniter4\framework\system\Commands\Server\rewrite.php(34): require_once('C:\\Users\\Atik\\D...')
#7 {main}
CRITICAL - 2021-01-06 21:52:00 --> Argument 2 passed to CodeIgniter\Database\BaseBuilder::set() must be of the type string or null, array given, called in C:\Users\Atik\Desktop\refrens\app\Models\Usermodel.php on line 75
#0 C:\Users\Atik\Desktop\refrens\app\Models\Usermodel.php(75): CodeIgniter\Database\BaseBuilder->set('user_details', Array)
#1 C:\Users\Atik\Desktop\refrens\app\Controllers\SigninController.php(48): App\Models\Usermodel->updateIntoUserDetails(Array)
#2 C:\Users\Atik\Desktop\refrens\vendor\codeigniter4\framework\system\CodeIgniter.php(918): App\Controllers\SigninController->signinCheck()
#3 C:\Users\Atik\Desktop\refrens\vendor\codeigniter4\framework\system\CodeIgniter.php(404): CodeIgniter\CodeIgniter->runController(Object(App\Controllers\SigninController))
#4 C:\Users\Atik\Desktop\refrens\vendor\codeigniter4\framework\system\CodeIgniter.php(312): CodeIgniter\CodeIgniter->handleRequest(NULL, Object(Config\Cache), false)
#5 C:\Users\Atik\Desktop\refrens\public\index.php(45): CodeIgniter\CodeIgniter->run()
#6 C:\Users\Atik\Desktop\refrens\vendor\codeigniter4\framework\system\Commands\Server\rewrite.php(34): require_once('C:\\Users\\Atik\\D...')
#7 {main}
CRITICAL - 2021-01-06 21:52:36 --> Argument 2 passed to CodeIgniter\Database\BaseBuilder::set() must be of the type string or null, array given, called in C:\Users\Atik\Desktop\refrens\app\Models\Usermodel.php on line 76
#0 C:\Users\Atik\Desktop\refrens\app\Models\Usermodel.php(76): CodeIgniter\Database\BaseBuilder->set('user_details', Array)
#1 C:\Users\Atik\Desktop\refrens\app\Controllers\SigninController.php(48): App\Models\Usermodel->updateIntoUserDetails(Array)
#2 C:\Users\Atik\Desktop\refrens\vendor\codeigniter4\framework\system\CodeIgniter.php(918): App\Controllers\SigninController->signinCheck()
#3 C:\Users\Atik\Desktop\refrens\vendor\codeigniter4\framework\system\CodeIgniter.php(404): CodeIgniter\CodeIgniter->runController(Object(App\Controllers\SigninController))
#4 C:\Users\Atik\Desktop\refrens\vendor\codeigniter4\framework\system\CodeIgniter.php(312): CodeIgniter\CodeIgniter->handleRequest(NULL, Object(Config\Cache), false)
#5 C:\Users\Atik\Desktop\refrens\public\index.php(45): CodeIgniter\CodeIgniter->run()
#6 C:\Users\Atik\Desktop\refrens\vendor\codeigniter4\framework\system\Commands\Server\rewrite.php(34): require_once('C:\\Users\\Atik\\D...')
#7 {main}
CRITICAL - 2021-01-06 21:52:59 --> Argument 2 passed to CodeIgniter\Database\BaseBuilder::set() must be of the type string or null, array given, called in C:\Users\Atik\Desktop\refrens\app\Models\Usermodel.php on line 77
#0 C:\Users\Atik\Desktop\refrens\app\Models\Usermodel.php(77): CodeIgniter\Database\BaseBuilder->set('user_details', Array)
#1 C:\Users\Atik\Desktop\refrens\app\Controllers\SigninController.php(48): App\Models\Usermodel->updateIntoUserDetails(Array)
#2 C:\Users\Atik\Desktop\refrens\vendor\codeigniter4\framework\system\CodeIgniter.php(918): App\Controllers\SigninController->signinCheck()
#3 C:\Users\Atik\Desktop\refrens\vendor\codeigniter4\framework\system\CodeIgniter.php(404): CodeIgniter\CodeIgniter->runController(Object(App\Controllers\SigninController))
#4 C:\Users\Atik\Desktop\refrens\vendor\codeigniter4\framework\system\CodeIgniter.php(312): CodeIgniter\CodeIgniter->handleRequest(NULL, Object(Config\Cache), false)
#5 C:\Users\Atik\Desktop\refrens\public\index.php(45): CodeIgniter\CodeIgniter->run()
#6 C:\Users\Atik\Desktop\refrens\vendor\codeigniter4\framework\system\Commands\Server\rewrite.php(34): require_once('C:\\Users\\Atik\\D...')
#7 {main}
CRITICAL - 2021-01-06 21:54:32 --> Argument 2 passed to CodeIgniter\Database\BaseBuilder::set() must be of the type string or null, array given, called in C:\Users\Atik\Desktop\refrens\app\Models\Usermodel.php on line 77
#0 C:\Users\Atik\Desktop\refrens\app\Models\Usermodel.php(77): CodeIgniter\Database\BaseBuilder->set('user_details', Array)
#1 C:\Users\Atik\Desktop\refrens\app\Controllers\SigninController.php(48): App\Models\Usermodel->updateIntoUserDetails(Array)
#2 C:\Users\Atik\Desktop\refrens\vendor\codeigniter4\framework\system\CodeIgniter.php(918): App\Controllers\SigninController->signinCheck()
#3 C:\Users\Atik\Desktop\refrens\vendor\codeigniter4\framework\system\CodeIgniter.php(404): CodeIgniter\CodeIgniter->runController(Object(App\Controllers\SigninController))
#4 C:\Users\Atik\Desktop\refrens\vendor\codeigniter4\framework\system\CodeIgniter.php(312): CodeIgniter\CodeIgniter->handleRequest(NULL, Object(Config\Cache), false)
#5 C:\Users\Atik\Desktop\refrens\public\index.php(45): CodeIgniter\CodeIgniter->run()
#6 C:\Users\Atik\Desktop\refrens\vendor\codeigniter4\framework\system\Commands\Server\rewrite.php(34): require_once('C:\\Users\\Atik\\D...')
#7 {main}
CRITICAL - 2021-01-06 22:26:15 --> Call to undefined method CodeIgniter\Database\MySQLi\Result::set()
#0 C:\Users\Atik\Desktop\refrens\app\Controllers\SigninController.php(65): App\Models\Clientmodel->updateIntoClientDetails(Array)
#1 C:\Users\Atik\Desktop\refrens\vendor\codeigniter4\framework\system\CodeIgniter.php(918): App\Controllers\SigninController->signinCheck()
#2 C:\Users\Atik\Desktop\refrens\vendor\codeigniter4\framework\system\CodeIgniter.php(404): CodeIgniter\CodeIgniter->runController(Object(App\Controllers\SigninController))
#3 C:\Users\Atik\Desktop\refrens\vendor\codeigniter4\framework\system\CodeIgniter.php(312): CodeIgniter\CodeIgniter->handleRequest(NULL, Object(Config\Cache), false)
#4 C:\Users\Atik\Desktop\refrens\public\index.php(45): CodeIgniter\CodeIgniter->run()
#5 C:\Users\Atik\Desktop\refrens\vendor\codeigniter4\framework\system\Commands\Server\rewrite.php(34): require_once('C:\\Users\\Atik\\D...')
#6 {main}
CRITICAL - 2021-01-06 22:26:49 --> Call to undefined method CodeIgniter\Database\MySQLi\Result::set()
#0 C:\Users\Atik\Desktop\refrens\app\Controllers\SigninController.php(65): App\Models\Clientmodel->updateIntoClientDetails(Array)
#1 C:\Users\Atik\Desktop\refrens\vendor\codeigniter4\framework\system\CodeIgniter.php(918): App\Controllers\SigninController->signinCheck()
#2 C:\Users\Atik\Desktop\refrens\vendor\codeigniter4\framework\system\CodeIgniter.php(404): CodeIgniter\CodeIgniter->runController(Object(App\Controllers\SigninController))
#3 C:\Users\Atik\Desktop\refrens\vendor\codeigniter4\framework\system\CodeIgniter.php(312): CodeIgniter\CodeIgniter->handleRequest(NULL, Object(Config\Cache), false)
#4 C:\Users\Atik\Desktop\refrens\public\index.php(45): CodeIgniter\CodeIgniter->run()
#5 C:\Users\Atik\Desktop\refrens\vendor\codeigniter4\framework\system\Commands\Server\rewrite.php(34): require_once('C:\\Users\\Atik\\D...')
#6 {main}
CRITICAL - 2021-01-06 22:27:08 --> Call to undefined method CodeIgniter\Database\MySQLi\Result::where()
#0 C:\Users\Atik\Desktop\refrens\app\Controllers\SigninController.php(65): App\Models\Clientmodel->updateIntoClientDetails(Array)
#1 C:\Users\Atik\Desktop\refrens\vendor\codeigniter4\framework\system\CodeIgniter.php(918): App\Controllers\SigninController->signinCheck()
#2 C:\Users\Atik\Desktop\refrens\vendor\codeigniter4\framework\system\CodeIgniter.php(404): CodeIgniter\CodeIgniter->runController(Object(App\Controllers\SigninController))
#3 C:\Users\Atik\Desktop\refrens\vendor\codeigniter4\framework\system\CodeIgniter.php(312): CodeIgniter\CodeIgniter->handleRequest(NULL, Object(Config\Cache), false)
#4 C:\Users\Atik\Desktop\refrens\public\index.php(45): CodeIgniter\CodeIgniter->run()
#5 C:\Users\Atik\Desktop\refrens\vendor\codeigniter4\framework\system\Commands\Server\rewrite.php(34): require_once('C:\\Users\\Atik\\D...')
#6 {main}
CRITICAL - 2021-01-06 22:27:57 --> Call to undefined method CodeIgniter\Database\MySQLi\Result::where()
#0 C:\Users\Atik\Desktop\refrens\app\Controllers\SigninController.php(65): App\Models\Clientmodel->updateIntoClientDetails(Array)
#1 C:\Users\Atik\Desktop\refrens\vendor\codeigniter4\framework\system\CodeIgniter.php(918): App\Controllers\SigninController->signinCheck()
#2 C:\Users\Atik\Desktop\refrens\vendor\codeigniter4\framework\system\CodeIgniter.php(404): CodeIgniter\CodeIgniter->runController(Object(App\Controllers\SigninController))
#3 C:\Users\Atik\Desktop\refrens\vendor\codeigniter4\framework\system\CodeIgniter.php(312): CodeIgniter\CodeIgniter->handleRequest(NULL, Object(Config\Cache), false)
#4 C:\Users\Atik\Desktop\refrens\public\index.php(45): CodeIgniter\CodeIgniter->run()
#5 C:\Users\Atik\Desktop\refrens\vendor\codeigniter4\framework\system\Commands\Server\rewrite.php(34): require_once('C:\\Users\\Atik\\D...')
#6 {main}
CRITICAL - 2021-01-06 22:29:00 --> Call to undefined method CodeIgniter\Database\MySQLi\Result::where()
#0 C:\Users\Atik\Desktop\refrens\app\Controllers\SigninController.php(65): App\Models\Clientmodel->updateIntoClientDetails(Array)
#1 C:\Users\Atik\Desktop\refrens\vendor\codeigniter4\framework\system\CodeIgniter.php(918): App\Controllers\SigninController->signinCheck()
#2 C:\Users\Atik\Desktop\refrens\vendor\codeigniter4\framework\system\CodeIgniter.php(404): CodeIgniter\CodeIgniter->runController(Object(App\Controllers\SigninController))
#3 C:\Users\Atik\Desktop\refrens\vendor\codeigniter4\framework\system\CodeIgniter.php(312): CodeIgniter\CodeIgniter->handleRequest(NULL, Object(Config\Cache), false)
#4 C:\Users\Atik\Desktop\refrens\public\index.php(45): CodeIgniter\CodeIgniter->run()
#5 C:\Users\Atik\Desktop\refrens\vendor\codeigniter4\framework\system\Commands\Server\rewrite.php(34): require_once('C:\\Users\\Atik\\D...')
#6 {main}
CRITICAL - 2021-01-06 22:30:54 --> Call to undefined method CodeIgniter\Database\MySQLi\Result::set()
#0 C:\Users\Atik\Desktop\refrens\app\Controllers\SigninController.php(65): App\Models\Clientmodel->updateIntoClientDetails(Array)
#1 C:\Users\Atik\Desktop\refrens\vendor\codeigniter4\framework\system\CodeIgniter.php(918): App\Controllers\SigninController->signinCheck()
#2 C:\Users\Atik\Desktop\refrens\vendor\codeigniter4\framework\system\CodeIgniter.php(404): CodeIgniter\CodeIgniter->runController(Object(App\Controllers\SigninController))
#3 C:\Users\Atik\Desktop\refrens\vendor\codeigniter4\framework\system\CodeIgniter.php(312): CodeIgniter\CodeIgniter->handleRequest(NULL, Object(Config\Cache), false)
#4 C:\Users\Atik\Desktop\refrens\public\index.php(45): CodeIgniter\CodeIgniter->run()
#5 C:\Users\Atik\Desktop\refrens\vendor\codeigniter4\framework\system\Commands\Server\rewrite.php(34): require_once('C:\\Users\\Atik\\D...')
#6 {main}
CRITICAL - 2021-01-06 22:31:37 --> Call to undefined method CodeIgniter\Database\MySQLi\Result::where()
#0 C:\Users\Atik\Desktop\refrens\app\Controllers\SigninController.php(65): App\Models\Clientmodel->updateIntoClientDetails(Array)
#1 C:\Users\Atik\Desktop\refrens\vendor\codeigniter4\framework\system\CodeIgniter.php(918): App\Controllers\SigninController->signinCheck()
#2 C:\Users\Atik\Desktop\refrens\vendor\codeigniter4\framework\system\CodeIgniter.php(404): CodeIgniter\CodeIgniter->runController(Object(App\Controllers\SigninController))
#3 C:\Users\Atik\Desktop\refrens\vendor\codeigniter4\framework\system\CodeIgniter.php(312): CodeIgniter\CodeIgniter->handleRequest(NULL, Object(Config\Cache), false)
#4 C:\Users\Atik\Desktop\refrens\public\index.php(45): CodeIgniter\CodeIgniter->run()
#5 C:\Users\Atik\Desktop\refrens\vendor\codeigniter4\framework\system\Commands\Server\rewrite.php(34): require_once('C:\\Users\\Atik\\D...')
#6 {main}
CRITICAL - 2021-01-06 22:33:40 --> Call to undefined method CodeIgniter\Database\MySQLi\Result::set()
#0 C:\Users\Atik\Desktop\refrens\app\Controllers\SigninController.php(65): App\Models\Clientmodel->updateIntoClientDetails(Array)
#1 C:\Users\Atik\Desktop\refrens\vendor\codeigniter4\framework\system\CodeIgniter.php(918): App\Controllers\SigninController->signinCheck()
#2 C:\Users\Atik\Desktop\refrens\vendor\codeigniter4\framework\system\CodeIgniter.php(404): CodeIgniter\CodeIgniter->runController(Object(App\Controllers\SigninController))
#3 C:\Users\Atik\Desktop\refrens\vendor\codeigniter4\framework\system\CodeIgniter.php(312): CodeIgniter\CodeIgniter->handleRequest(NULL, Object(Config\Cache), false)
#4 C:\Users\Atik\Desktop\refrens\public\index.php(45): CodeIgniter\CodeIgniter->run()
#5 C:\Users\Atik\Desktop\refrens\vendor\codeigniter4\framework\system\Commands\Server\rewrite.php(34): require_once('C:\\Users\\Atik\\D...')
#6 {main}
CRITICAL - 2021-01-06 22:34:11 --> Call to undefined method CodeIgniter\Database\MySQLi\Result::where()
#0 C:\Users\Atik\Desktop\refrens\app\Controllers\SigninController.php(65): App\Models\Clientmodel->updateIntoClientDetails(Array)
#1 C:\Users\Atik\Desktop\refrens\vendor\codeigniter4\framework\system\CodeIgniter.php(918): App\Controllers\SigninController->signinCheck()
#2 C:\Users\Atik\Desktop\refrens\vendor\codeigniter4\framework\system\CodeIgniter.php(404): CodeIgniter\CodeIgniter->runController(Object(App\Controllers\SigninController))
#3 C:\Users\Atik\Desktop\refrens\vendor\codeigniter4\framework\system\CodeIgniter.php(312): CodeIgniter\CodeIgniter->handleRequest(NULL, Object(Config\Cache), false)
#4 C:\Users\Atik\Desktop\refrens\public\index.php(45): CodeIgniter\CodeIgniter->run()
#5 C:\Users\Atik\Desktop\refrens\vendor\codeigniter4\framework\system\Commands\Server\rewrite.php(34): require_once('C:\\Users\\Atik\\D...')
#6 {main}
CRITICAL - 2021-01-06 22:34:25 --> Call to undefined method CodeIgniter\Database\MySQLi\Result::where()
#0 C:\Users\Atik\Desktop\refrens\app\Controllers\SigninController.php(65): App\Models\Clientmodel->updateIntoClientDetails(Array)
#1 C:\Users\Atik\Desktop\refrens\vendor\codeigniter4\framework\system\CodeIgniter.php(918): App\Controllers\SigninController->signinCheck()
#2 C:\Users\Atik\Desktop\refrens\vendor\codeigniter4\framework\system\CodeIgniter.php(404): CodeIgniter\CodeIgniter->runController(Object(App\Controllers\SigninController))
#3 C:\Users\Atik\Desktop\refrens\vendor\codeigniter4\framework\system\CodeIgniter.php(312): CodeIgniter\CodeIgniter->handleRequest(NULL, Object(Config\Cache), false)
#4 C:\Users\Atik\Desktop\refrens\public\index.php(45): CodeIgniter\CodeIgniter->run()
#5 C:\Users\Atik\Desktop\refrens\vendor\codeigniter4\framework\system\Commands\Server\rewrite.php(34): require_once('C:\\Users\\Atik\\D...')
#6 {main}
CRITICAL - 2021-01-06 22:37:37 --> Call to undefined method CodeIgniter\Database\MySQLi\Result::where()
#0 C:\Users\Atik\Desktop\refrens\app\Controllers\SigninController.php(65): App\Models\Clientmodel->updateIntoClientDetails(Array)
#1 C:\Users\Atik\Desktop\refrens\vendor\codeigniter4\framework\system\CodeIgniter.php(918): App\Controllers\SigninController->signinCheck()
#2 C:\Users\Atik\Desktop\refrens\vendor\codeigniter4\framework\system\CodeIgniter.php(404): CodeIgniter\CodeIgniter->runController(Object(App\Controllers\SigninController))
#3 C:\Users\Atik\Desktop\refrens\vendor\codeigniter4\framework\system\CodeIgniter.php(312): CodeIgniter\CodeIgniter->handleRequest(NULL, Object(Config\Cache), false)
#4 C:\Users\Atik\Desktop\refrens\public\index.php(45): CodeIgniter\CodeIgniter->run()
#5 C:\Users\Atik\Desktop\refrens\vendor\codeigniter4\framework\system\Commands\Server\rewrite.php(34): require_once('C:\\Users\\Atik\\D...')
#6 {main}
